2025-07-26 12:26:56 | INFO     | __main__:setup_logging:27 - æ—¥å¿—ç³»ç»Ÿåˆå§‹åŒ–å®Œæˆ
2025-07-26 12:26:56 | WARNING  | __main__:check_sls_config:45 - ç¼ºå°‘ SLS ç¯å¢ƒå˜é‡: SLS_PROJECT, SLS_LOGSTORE, SLS_REGION, SLS_ACCESS_KEY_ID, SLS_ACCESS_KEY_SECRET
2025-07-26 12:26:56 | INFO     | __main__:check_sls_config:46 - è¯·å‚è€ƒ .env.example æ–‡ä»¶é…ç½® SLS ç¯å¢ƒå˜é‡
2025-07-26 12:26:56 | INFO     | __main__:main:141 - SLS åŠŸèƒ½æœªå¯ç”¨ï¼Œä»…ä½¿ç”¨æœ¬åœ°æ—¥å¿—
2025-07-26 12:26:56 | INFO     | __main__:demo_basic_logging:54 - === åŸºç¡€æ—¥å¿—ç¤ºä¾‹ ===
2025-07-26 12:26:56 | INFO     | __main__:demo_basic_logging:57 - è¿™æ˜¯æ™®é€šä¿¡æ¯
2025-07-26 12:26:56 | WARNING  | __main__:demo_basic_logging:58 - è¿™æ˜¯è­¦å‘Šä¿¡æ¯
2025-07-26 12:26:56 | ERROR    | __main__:demo_basic_logging:59 - è¿™æ˜¯é”™è¯¯ä¿¡æ¯
2025-07-26 12:26:56 | INFO     | __main__:demo_structured_logging:63 - === ç»“æ„åŒ–æ—¥å¿—ç¤ºä¾‹ ===
2025-07-26 12:26:56 | INFO     | __main__:demo_structured_logging:66 - ç”¨æˆ·ç™»å½•
2025-07-26 12:26:56 | INFO     | __main__:demo_structured_logging:76 - API è°ƒç”¨
2025-07-26 12:26:56 | INFO     | __main__:demo_structured_logging:85 - ä¸šåŠ¡æŒ‡æ ‡
2025-07-26 12:26:56 | INFO     | __main__:demo_error_logging:95 - === é”™è¯¯æ—¥å¿—ç¤ºä¾‹ ===
2025-07-26 12:26:56 | ERROR    | __main__:demo_error_logging:101 - è®¡ç®—é”™è¯¯
[33m[1mTraceback (most recent call last):[0m

  File "[32m/Users/harrytang/Documents/GitHub/loguru-suite/examples/enterprise-demo/[0m[32m[1mmain.py[0m", line [33m158[0m, in [35m<module>[0m
    [1mmain[0m[1m([0m[1m)[0m
    [36mâ”” [0m[36m[1m<function main at 0x107c3c9a0>[0m

  File "[32m/Users/harrytang/Documents/GitHub/loguru-suite/examples/enterprise-demo/[0m[32m[1mmain.py[0m", line [33m146[0m, in [35mmain[0m
    [1mdemo_error_logging[0m[1m([0m[1m)[0m
    [36mâ”” [0m[36m[1m<function demo_error_logging at 0x107c3c860>[0m

> File "[32m/Users/harrytang/Documents/GitHub/loguru-suite/examples/enterprise-demo/[0m[32m[1mmain.py[0m", line [33m99[0m, in [35mdemo_error_logging[0m
    [1mresult[0m [35m[1m=[0m [34m[1m10[0m [35m[1m/[0m [34m[1m0[0m

[31m[1mZeroDivisionError[0m:[1m division by zero[0m
2025-07-26 12:26:56 | INFO     | __main__:main:151 - Enterprise Demo è¿è¡Œå®Œæˆ
