2025-07-26 12:27:17 | INFO     | __main__:setup_logging:27 - æ—¥å¿—ç³»ç»Ÿåˆå§‹åŒ–å®Œæˆ
2025-07-26 12:27:17 | WARNING  | __main__:check_sls_config:45 - ç¼ºå°‘ SLS ç¯å¢ƒå˜é‡: SLS_PROJECT, SLS_LOGSTORE, SLS_REGION, SLS_ACCESS_KEY_ID, SLS_ACCESS_KEY_SECRET
2025-07-26 12:27:17 | INFO     | __main__:check_sls_config:46 - è¯·å‚è€ƒ .env.example æ–‡ä»¶é…ç½® SLS ç¯å¢ƒå˜é‡
2025-07-26 12:27:17 | INFO     | __main__:main:141 - SLS åŠŸèƒ½æœªå¯ç”¨ï¼Œä»…ä½¿ç”¨æœ¬åœ°æ—¥å¿—
2025-07-26 12:27:17 | INFO     | __main__:demo_basic_logging:54 - === åŸºç¡€æ—¥å¿—ç¤ºä¾‹ ===
2025-07-26 12:27:17 | INFO     | __main__:demo_basic_logging:57 - è¿™æ˜¯æ™®é€šä¿¡æ¯
2025-07-26 12:27:17 | WARNING  | __main__:demo_basic_logging:58 - è¿™æ˜¯è­¦å‘Šä¿¡æ¯
2025-07-26 12:27:17 | ERROR    | __main__:demo_basic_logging:59 - è¿™æ˜¯é”™è¯¯ä¿¡æ¯
2025-07-26 12:27:17 | INFO     | __main__:demo_structured_logging:63 - === ç»“æ„åŒ–æ—¥å¿—ç¤ºä¾‹ ===
2025-07-26 12:27:17 | INFO     | __main__:demo_structured_logging:66 - ç”¨æˆ·ç™»å½•
2025-07-26 12:27:17 | INFO     | __main__:demo_structured_logging:76 - API è°ƒç”¨
2025-07-26 12:27:17 | INFO     | __main__:demo_structured_logging:85 - ä¸šåŠ¡æŒ‡æ ‡
2025-07-26 12:27:17 | INFO     | __main__:demo_error_logging:95 - === é”™è¯¯æ—¥å¿—ç¤ºä¾‹ ===
2025-07-26 12:27:17 | ERROR    | __main__:demo_error_logging:101 - è®¡ç®—é”™è¯¯
[33m[1mTraceback (most recent call last):[0m

  File "[32m/Users/harrytang/Documents/GitHub/loguru-suite/examples/enterprise-demo/[0m[32m[1mmain.py[0m", line [33m158[0m, in [35m<module>[0m
    [1mmain[0m[1m([0m[1m)[0m
    [36mâ”” [0m[36m[1m<function main at 0x104c3c9a0>[0m

  File "[32m/Users/harrytang/Documents/GitHub/loguru-suite/examples/enterprise-demo/[0m[32m[1mmain.py[0m", line [33m146[0m, in [35mmain[0m
    [1mdemo_error_logging[0m[1m([0m[1m)[0m
    [36mâ”” [0m[36m[1m<function demo_error_logging at 0x104c3c860>[0m

> File "[32m/Users/harrytang/Documents/GitHub/loguru-suite/examples/enterprise-demo/[0m[32m[1mmain.py[0m", line [33m99[0m, in [35mdemo_error_logging[0m
    [1mresult[0m [35m[1m=[0m [34m[1m10[0m [35m[1m/[0m [34m[1m0[0m

[31m[1mZeroDivisionError[0m:[1m division by zero[0m
2025-07-26 12:27:17 | INFO     | __main__:main:151 - Enterprise Demo è¿è¡Œå®Œæˆ
2025-07-26 12:51:27 | INFO     | __main__:setup_logging:27 - æ—¥å¿—ç³»ç»Ÿåˆå§‹åŒ–å®Œæˆ
2025-07-26 12:51:27 | WARNING  | __main__:check_sls_config:45 - ç¼ºå°‘ SLS ç¯å¢ƒå˜é‡: SLS_REGION
2025-07-26 12:51:27 | INFO     | __main__:check_sls_config:46 - è¯·å‚è€ƒ .env.example æ–‡ä»¶é…ç½® SLS ç¯å¢ƒå˜é‡
2025-07-26 12:51:27 | INFO     | __main__:main:141 - SLS åŠŸèƒ½æœªå¯ç”¨ï¼Œä»…ä½¿ç”¨æœ¬åœ°æ—¥å¿—
2025-07-26 12:51:27 | INFO     | __main__:demo_basic_logging:54 - === åŸºç¡€æ—¥å¿—ç¤ºä¾‹ ===
2025-07-26 12:51:27 | INFO     | __main__:demo_basic_logging:57 - è¿™æ˜¯æ™®é€šä¿¡æ¯
2025-07-26 12:51:27 | WARNING  | __main__:demo_basic_logging:58 - è¿™æ˜¯è­¦å‘Šä¿¡æ¯
2025-07-26 12:51:27 | ERROR    | __main__:demo_basic_logging:59 - è¿™æ˜¯é”™è¯¯ä¿¡æ¯
2025-07-26 12:51:27 | INFO     | __main__:demo_structured_logging:63 - === ç»“æ„åŒ–æ—¥å¿—ç¤ºä¾‹ ===
2025-07-26 12:51:27 | INFO     | __main__:demo_structured_logging:66 - ç”¨æˆ·ç™»å½•
2025-07-26 12:51:27 | INFO     | __main__:demo_structured_logging:76 - API è°ƒç”¨
2025-07-26 12:51:27 | INFO     | __main__:demo_structured_logging:85 - ä¸šåŠ¡æŒ‡æ ‡
2025-07-26 12:51:27 | INFO     | __main__:demo_error_logging:95 - === é”™è¯¯æ—¥å¿—ç¤ºä¾‹ ===
2025-07-26 12:51:27 | ERROR    | __main__:demo_error_logging:101 - è®¡ç®—é”™è¯¯
[33m[1mTraceback (most recent call last):[0m

  File "[32m/Users/harrytang/Documents/GitHub/loguru-suite/examples/enterprise-demo/[0m[32m[1mmain.py[0m", line [33m158[0m, in [35m<module>[0m
    [1mmain[0m[1m([0m[1m)[0m
    [36mâ”” [0m[36m[1m<function main at 0x109f409a0>[0m

  File "[32m/Users/harrytang/Documents/GitHub/loguru-suite/examples/enterprise-demo/[0m[32m[1mmain.py[0m", line [33m146[0m, in [35mmain[0m
    [1mdemo_error_logging[0m[1m([0m[1m)[0m
    [36mâ”” [0m[36m[1m<function demo_error_logging at 0x109f40860>[0m

> File "[32m/Users/harrytang/Documents/GitHub/loguru-suite/examples/enterprise-demo/[0m[32m[1mmain.py[0m", line [33m99[0m, in [35mdemo_error_logging[0m
    [1mresult[0m [35m[1m=[0m [34m[1m10[0m [35m[1m/[0m [34m[1m0[0m

[31m[1mZeroDivisionError[0m:[1m division by zero[0m
2025-07-26 12:51:27 | INFO     | __main__:main:151 - Enterprise Demo è¿è¡Œå®Œæˆ
2025-07-26 12:53:32 | INFO     | __main__:setup_logging:37 - æ—¥å¿—ç³»ç»Ÿåˆå§‹åŒ–å®Œæˆ
2025-07-26 12:53:32 | INFO     | __main__:check_sls_config:69 - SLS é…ç½®æ£€æŸ¥é€šè¿‡
2025-07-26 12:53:32 | INFO     | __main__:main:159 - SLS åŠŸèƒ½å·²å¯ç”¨
2025-07-26 12:53:32 | INFO     | __main__:demo_basic_logging:74 - === åŸºç¡€æ—¥å¿—ç¤ºä¾‹ ===
2025-07-26 12:53:32 | INFO     | __main__:demo_basic_logging:77 - è¿™æ˜¯æ™®é€šä¿¡æ¯
2025-07-26 12:53:32 | WARNING  | __main__:demo_basic_logging:78 - è¿™æ˜¯è­¦å‘Šä¿¡æ¯
2025-07-26 12:53:32 | ERROR    | __main__:demo_basic_logging:79 - è¿™æ˜¯é”™è¯¯ä¿¡æ¯
2025-07-26 12:53:32 | INFO     | __main__:demo_structured_logging:83 - === ç»“æ„åŒ–æ—¥å¿—ç¤ºä¾‹ ===
2025-07-26 12:53:32 | INFO     | __main__:demo_structured_logging:86 - ç”¨æˆ·ç™»å½•
2025-07-26 12:53:32 | INFO     | __main__:demo_structured_logging:96 - API è°ƒç”¨
2025-07-26 12:53:32 | INFO     | __main__:demo_structured_logging:105 - ä¸šåŠ¡æŒ‡æ ‡
2025-07-26 12:53:32 | INFO     | __main__:demo_error_logging:115 - === é”™è¯¯æ—¥å¿—ç¤ºä¾‹ ===
2025-07-26 12:53:32 | ERROR    | __main__:demo_error_logging:121 - è®¡ç®—é”™è¯¯
[33m[1mTraceback (most recent call last):[0m

  File "[32m/Users/harrytang/Documents/GitHub/loguru-suite/examples/enterprise-demo/[0m[32m[1mmain.py[0m", line [33m178[0m, in [35m<module>[0m
    [1mmain[0m[1m([0m[1m)[0m
    [36mâ”” [0m[36m[1m<function main at 0x1076439c0>[0m

  File "[32m/Users/harrytang/Documents/GitHub/loguru-suite/examples/enterprise-demo/[0m[32m[1mmain.py[0m", line [33m166[0m, in [35mmain[0m
    [1mdemo_error_logging[0m[1m([0m[1m)[0m
    [36mâ”” [0m[36m[1m<function demo_error_logging at 0x107643880>[0m

> File "[32m/Users/harrytang/Documents/GitHub/loguru-suite/examples/enterprise-demo/[0m[32m[1mmain.py[0m", line [33m119[0m, in [35mdemo_error_logging[0m
    [1mresult[0m [35m[1m=[0m [34m[1m10[0m [35m[1m/[0m [34m[1m0[0m

[31m[1mZeroDivisionError[0m:[1m division by zero[0m
2025-07-26 12:53:32 | INFO     | __main__:demo_sls_logging:129 - === SLS æ—¥å¿—ç¤ºä¾‹ ===
2025-07-26 12:53:32 | INFO     | __main__:demo_sls_logging:132 - ä¼ä¸šçº§æ—¥å¿—è®°å½•
2025-07-26 12:53:32 | WARNING  | __main__:demo_sls_logging:140 - å®‰å…¨äº‹ä»¶
2025-07-26 12:53:32 | INFO     | __main__:main:171 - Enterprise Demo è¿è¡Œå®Œæˆ
2025-07-26 12:55:41 | INFO     | __main__:setup_logging:37 - æ—¥å¿—ç³»ç»Ÿåˆå§‹åŒ–å®Œæˆ
2025-07-26 12:55:41 | INFO     | __main__:check_sls_config:69 - SLS é…ç½®æ£€æŸ¥é€šè¿‡
2025-07-26 12:55:41 | INFO     | __main__:main:159 - SLS åŠŸèƒ½å·²å¯ç”¨
2025-07-26 12:55:41 | INFO     | __main__:demo_basic_logging:74 - === åŸºç¡€æ—¥å¿—ç¤ºä¾‹ ===
2025-07-26 12:55:41 | INFO     | __main__:demo_basic_logging:77 - è¿™æ˜¯æ™®é€šä¿¡æ¯
2025-07-26 12:55:41 | WARNING  | __main__:demo_basic_logging:78 - è¿™æ˜¯è­¦å‘Šä¿¡æ¯
2025-07-26 12:55:41 | ERROR    | __main__:demo_basic_logging:79 - è¿™æ˜¯é”™è¯¯ä¿¡æ¯
2025-07-26 12:55:41 | INFO     | __main__:demo_structured_logging:83 - === ç»“æ„åŒ–æ—¥å¿—ç¤ºä¾‹ ===
2025-07-26 12:55:41 | INFO     | __main__:demo_structured_logging:86 - ç”¨æˆ·ç™»å½•
2025-07-26 12:55:41 | INFO     | __main__:demo_structured_logging:96 - API è°ƒç”¨
2025-07-26 12:55:41 | INFO     | __main__:demo_structured_logging:105 - ä¸šåŠ¡æŒ‡æ ‡
2025-07-26 12:55:41 | INFO     | __main__:demo_error_logging:115 - === é”™è¯¯æ—¥å¿—ç¤ºä¾‹ ===
2025-07-26 12:55:41 | ERROR    | __main__:demo_error_logging:121 - è®¡ç®—é”™è¯¯
[33m[1mTraceback (most recent call last):[0m

  File "[32m/Users/harrytang/Documents/GitHub/loguru-suite/examples/enterprise-demo/[0m[32m[1mmain.py[0m", line [33m178[0m, in [35m<module>[0m
    [1mmain[0m[1m([0m[1m)[0m
    [36mâ”” [0m[36m[1m<function main at 0x1065436a0>[0m

  File "[32m/Users/harrytang/Documents/GitHub/loguru-suite/examples/enterprise-demo/[0m[32m[1mmain.py[0m", line [33m166[0m, in [35mmain[0m
    [1mdemo_error_logging[0m[1m([0m[1m)[0m
    [36mâ”” [0m[36m[1m<function demo_error_logging at 0x106543560>[0m

> File "[32m/Users/harrytang/Documents/GitHub/loguru-suite/examples/enterprise-demo/[0m[32m[1mmain.py[0m", line [33m119[0m, in [35mdemo_error_logging[0m
    [1mresult[0m [35m[1m=[0m [34m[1m10[0m [35m[1m/[0m [34m[1m0[0m

[31m[1mZeroDivisionError[0m:[1m division by zero[0m
2025-07-26 12:55:41 | INFO     | __main__:demo_sls_logging:129 - === SLS æ—¥å¿—ç¤ºä¾‹ ===
2025-07-26 12:55:41 | INFO     | __main__:demo_sls_logging:132 - ä¼ä¸šçº§æ—¥å¿—è®°å½•
2025-07-26 12:55:41 | WARNING  | __main__:demo_sls_logging:140 - å®‰å…¨äº‹ä»¶
2025-07-26 12:55:41 | INFO     | __main__:main:171 - Enterprise Demo è¿è¡Œå®Œæˆ
2025-07-26 12:57:49 | INFO     | __main__:setup_logging:37 - æ—¥å¿—ç³»ç»Ÿåˆå§‹åŒ–å®Œæˆ
2025-07-26 12:57:49 | INFO     | __main__:check_sls_config:69 - SLS é…ç½®æ£€æŸ¥é€šè¿‡
2025-07-26 12:57:49 | INFO     | __main__:main:159 - SLS åŠŸèƒ½å·²å¯ç”¨
2025-07-26 12:57:49 | INFO     | __main__:demo_basic_logging:74 - === åŸºç¡€æ—¥å¿—ç¤ºä¾‹ ===
2025-07-26 12:57:49 | INFO     | __main__:demo_basic_logging:77 - è¿™æ˜¯æ™®é€šä¿¡æ¯
2025-07-26 12:57:49 | WARNING  | __main__:demo_basic_logging:78 - è¿™æ˜¯è­¦å‘Šä¿¡æ¯
2025-07-26 12:57:49 | ERROR    | __main__:demo_basic_logging:79 - è¿™æ˜¯é”™è¯¯ä¿¡æ¯
2025-07-26 12:57:49 | INFO     | __main__:demo_structured_logging:83 - === ç»“æ„åŒ–æ—¥å¿—ç¤ºä¾‹ ===
2025-07-26 12:57:49 | INFO     | __main__:demo_structured_logging:86 - ç”¨æˆ·ç™»å½•
2025-07-26 12:57:49 | INFO     | __main__:demo_structured_logging:96 - API è°ƒç”¨
2025-07-26 12:57:49 | INFO     | __main__:demo_structured_logging:105 - ä¸šåŠ¡æŒ‡æ ‡
2025-07-26 12:57:49 | INFO     | __main__:demo_error_logging:115 - === é”™è¯¯æ—¥å¿—ç¤ºä¾‹ ===
2025-07-26 12:57:49 | ERROR    | __main__:demo_error_logging:121 - è®¡ç®—é”™è¯¯
[33m[1mTraceback (most recent call last):[0m

  File "[32m/Users/harrytang/Documents/GitHub/loguru-suite/examples/enterprise-demo/[0m[32m[1mmain.py[0m", line [33m178[0m, in [35m<module>[0m
    [1mmain[0m[1m([0m[1m)[0m
    [36mâ”” [0m[36m[1m<function main at 0x1103436a0>[0m

  File "[32m/Users/harrytang/Documents/GitHub/loguru-suite/examples/enterprise-demo/[0m[32m[1mmain.py[0m", line [33m166[0m, in [35mmain[0m
    [1mdemo_error_logging[0m[1m([0m[1m)[0m
    [36mâ”” [0m[36m[1m<function demo_error_logging at 0x110343560>[0m

> File "[32m/Users/harrytang/Documents/GitHub/loguru-suite/examples/enterprise-demo/[0m[32m[1mmain.py[0m", line [33m119[0m, in [35mdemo_error_logging[0m
    [1mresult[0m [35m[1m=[0m [34m[1m10[0m [35m[1m/[0m [34m[1m0[0m

[31m[1mZeroDivisionError[0m:[1m division by zero[0m
2025-07-26 12:57:49 | INFO     | __main__:demo_sls_logging:129 - === SLS æ—¥å¿—ç¤ºä¾‹ ===
2025-07-26 12:57:49 | INFO     | __main__:demo_sls_logging:132 - ä¼ä¸šçº§æ—¥å¿—è®°å½•
2025-07-26 12:57:49 | WARNING  | __main__:demo_sls_logging:140 - å®‰å…¨äº‹ä»¶
2025-07-26 12:57:49 | INFO     | __main__:main:171 - Enterprise Demo è¿è¡Œå®Œæˆ
2025-07-26 13:00:46 | INFO     | __main__:setup_logging:37 - æ—¥å¿—ç³»ç»Ÿåˆå§‹åŒ–å®Œæˆ
2025-07-26 13:00:46 | WARNING  | __main__:check_sls_config:65 - ç¼ºå°‘ SLS ç¯å¢ƒå˜é‡: SLS_PROJECT, SLS_LOGSTORE, SLS_REGION
2025-07-26 13:00:46 | INFO     | __main__:check_sls_config:66 - è¯·å‚è€ƒ .env.example æ–‡ä»¶é…ç½® SLS ç¯å¢ƒå˜é‡
2025-07-26 13:00:46 | INFO     | __main__:main:161 - SLS åŠŸèƒ½æœªå¯ç”¨ï¼Œä»…ä½¿ç”¨æœ¬åœ°æ—¥å¿—
2025-07-26 13:00:46 | INFO     | __main__:demo_basic_logging:74 - === åŸºç¡€æ—¥å¿—ç¤ºä¾‹ ===
2025-07-26 13:00:46 | INFO     | __main__:demo_basic_logging:77 - è¿™æ˜¯æ™®é€šä¿¡æ¯
2025-07-26 13:00:46 | WARNING  | __main__:demo_basic_logging:78 - è¿™æ˜¯è­¦å‘Šä¿¡æ¯
2025-07-26 13:00:46 | ERROR    | __main__:demo_basic_logging:79 - è¿™æ˜¯é”™è¯¯ä¿¡æ¯
2025-07-26 13:00:46 | INFO     | __main__:demo_structured_logging:83 - === ç»“æ„åŒ–æ—¥å¿—ç¤ºä¾‹ ===
2025-07-26 13:00:46 | INFO     | __main__:demo_structured_logging:86 - ç”¨æˆ·ç™»å½•
2025-07-26 13:00:46 | INFO     | __main__:demo_structured_logging:96 - API è°ƒç”¨
2025-07-26 13:00:46 | INFO     | __main__:demo_structured_logging:105 - ä¸šåŠ¡æŒ‡æ ‡
2025-07-26 13:00:46 | INFO     | __main__:demo_error_logging:115 - === é”™è¯¯æ—¥å¿—ç¤ºä¾‹ ===
2025-07-26 13:00:46 | ERROR    | __main__:demo_error_logging:121 - è®¡ç®—é”™è¯¯
[33m[1mTraceback (most recent call last):[0m

  File "[32m/Users/harrytang/Documents/GitHub/loguru-suite/examples/enterprise-demo/[0m[32m[1mmain.py[0m", line [33m178[0m, in [35m<module>[0m
    [1mmain[0m[1m([0m[1m)[0m
    [36mâ”” [0m[36m[1m<function main at 0x1054436a0>[0m

  File "[32m/Users/harrytang/Documents/GitHub/loguru-suite/examples/enterprise-demo/[0m[32m[1mmain.py[0m", line [33m166[0m, in [35mmain[0m
    [1mdemo_error_logging[0m[1m([0m[1m)[0m
    [36mâ”” [0m[36m[1m<function demo_error_logging at 0x105443560>[0m

> File "[32m/Users/harrytang/Documents/GitHub/loguru-suite/examples/enterprise-demo/[0m[32m[1mmain.py[0m", line [33m119[0m, in [35mdemo_error_logging[0m
    [1mresult[0m [35m[1m=[0m [34m[1m10[0m [35m[1m/[0m [34m[1m0[0m

[31m[1mZeroDivisionError[0m:[1m division by zero[0m
2025-07-26 13:00:46 | INFO     | __main__:main:171 - Enterprise Demo è¿è¡Œå®Œæˆ
2025-07-26 13:01:20 | INFO     | __main__:setup_logging:37 - æ—¥å¿—ç³»ç»Ÿåˆå§‹åŒ–å®Œæˆ
2025-07-26 13:01:20 | INFO     | __main__:check_sls_config:63 - SLS é…ç½®æ£€æŸ¥é€šè¿‡
2025-07-26 13:01:20 | INFO     | __main__:main:153 - SLS åŠŸèƒ½å·²å¯ç”¨
2025-07-26 13:01:20 | INFO     | __main__:demo_basic_logging:68 - === åŸºç¡€æ—¥å¿—ç¤ºä¾‹ ===
2025-07-26 13:01:20 | INFO     | __main__:demo_basic_logging:71 - è¿™æ˜¯æ™®é€šä¿¡æ¯
2025-07-26 13:01:20 | WARNING  | __main__:demo_basic_logging:72 - è¿™æ˜¯è­¦å‘Šä¿¡æ¯
2025-07-26 13:01:20 | ERROR    | __main__:demo_basic_logging:73 - è¿™æ˜¯é”™è¯¯ä¿¡æ¯
2025-07-26 13:01:20 | INFO     | __main__:demo_structured_logging:77 - === ç»“æ„åŒ–æ—¥å¿—ç¤ºä¾‹ ===
2025-07-26 13:01:20 | INFO     | __main__:demo_structured_logging:80 - ç”¨æˆ·ç™»å½•
2025-07-26 13:01:20 | INFO     | __main__:demo_structured_logging:90 - API è°ƒç”¨
2025-07-26 13:01:20 | INFO     | __main__:demo_structured_logging:99 - ä¸šåŠ¡æŒ‡æ ‡
2025-07-26 13:01:20 | INFO     | __main__:demo_error_logging:109 - === é”™è¯¯æ—¥å¿—ç¤ºä¾‹ ===
2025-07-26 13:01:20 | ERROR    | __main__:demo_error_logging:115 - è®¡ç®—é”™è¯¯
[33m[1mTraceback (most recent call last):[0m

  File "[32m/Users/harrytang/Documents/GitHub/loguru-suite/examples/enterprise-demo/[0m[32m[1mmain.py[0m", line [33m172[0m, in [35m<module>[0m
    [1mmain[0m[1m([0m[1m)[0m
    [36mâ”” [0m[36m[1m<function main at 0x1044436a0>[0m

  File "[32m/Users/harrytang/Documents/GitHub/loguru-suite/examples/enterprise-demo/[0m[32m[1mmain.py[0m", line [33m160[0m, in [35mmain[0m
    [1mdemo_error_logging[0m[1m([0m[1m)[0m
    [36mâ”” [0m[36m[1m<function demo_error_logging at 0x104443560>[0m

> File "[32m/Users/harrytang/Documents/GitHub/loguru-suite/examples/enterprise-demo/[0m[32m[1mmain.py[0m", line [33m113[0m, in [35mdemo_error_logging[0m
    [1mresult[0m [35m[1m=[0m [34m[1m10[0m [35m[1m/[0m [34m[1m0[0m

[31m[1mZeroDivisionError[0m:[1m division by zero[0m
2025-07-26 13:01:20 | INFO     | __main__:demo_sls_logging:123 - === SLS æ—¥å¿—ç¤ºä¾‹ ===
2025-07-26 13:01:20 | INFO     | __main__:demo_sls_logging:126 - ä¼ä¸šçº§æ—¥å¿—è®°å½•
2025-07-26 13:01:20 | WARNING  | __main__:demo_sls_logging:134 - å®‰å…¨äº‹ä»¶
2025-07-26 13:01:20 | INFO     | __main__:main:165 - Enterprise Demo è¿è¡Œå®Œæˆ
2025-07-26 13:11:10 | INFO     | __main__:setup_logging:37 - æ—¥å¿—ç³»ç»Ÿåˆå§‹åŒ–å®Œæˆ
2025-07-26 13:11:10 | INFO     | __main__:check_sls_config:63 - SLS é…ç½®æ£€æŸ¥é€šè¿‡
2025-07-26 13:11:10 | INFO     | __main__:main:153 - SLS åŠŸèƒ½å·²å¯ç”¨
2025-07-26 13:11:10 | INFO     | __main__:demo_basic_logging:68 - === åŸºç¡€æ—¥å¿—ç¤ºä¾‹ ===
2025-07-26 13:11:10 | INFO     | __main__:demo_basic_logging:71 - è¿™æ˜¯æ™®é€šä¿¡æ¯
2025-07-26 13:11:10 | WARNING  | __main__:demo_basic_logging:72 - è¿™æ˜¯è­¦å‘Šä¿¡æ¯
2025-07-26 13:11:10 | ERROR    | __main__:demo_basic_logging:73 - è¿™æ˜¯é”™è¯¯ä¿¡æ¯
2025-07-26 13:11:10 | INFO     | __main__:demo_structured_logging:77 - === ç»“æ„åŒ–æ—¥å¿—ç¤ºä¾‹ ===
2025-07-26 13:11:10 | INFO     | __main__:demo_structured_logging:80 - ç”¨æˆ·ç™»å½•
2025-07-26 13:11:10 | INFO     | __main__:demo_structured_logging:90 - API è°ƒç”¨
2025-07-26 13:11:10 | INFO     | __main__:demo_structured_logging:99 - ä¸šåŠ¡æŒ‡æ ‡
2025-07-26 13:11:10 | INFO     | __main__:demo_error_logging:109 - === é”™è¯¯æ—¥å¿—ç¤ºä¾‹ ===
2025-07-26 13:11:10 | ERROR    | __main__:demo_error_logging:115 - è®¡ç®—é”™è¯¯
[33m[1mTraceback (most recent call last):[0m

  File "[32m/Users/harrytang/Documents/GitHub/loguru-suite/examples/enterprise-demo/[0m[32m[1mmain.py[0m", line [33m172[0m, in [35m<module>[0m
    [1mmain[0m[1m([0m[1m)[0m
    [36mâ”” [0m[36m[1m<function main at 0x107e376a0>[0m

  File "[32m/Users/harrytang/Documents/GitHub/loguru-suite/examples/enterprise-demo/[0m[32m[1mmain.py[0m", line [33m160[0m, in [35mmain[0m
    [1mdemo_error_logging[0m[1m([0m[1m)[0m
    [36mâ”” [0m[36m[1m<function demo_error_logging at 0x107e37560>[0m

> File "[32m/Users/harrytang/Documents/GitHub/loguru-suite/examples/enterprise-demo/[0m[32m[1mmain.py[0m", line [33m113[0m, in [35mdemo_error_logging[0m
    [1mresult[0m [35m[1m=[0m [34m[1m10[0m [35m[1m/[0m [34m[1m0[0m

[31m[1mZeroDivisionError[0m:[1m division by zero[0m
2025-07-26 13:11:10 | INFO     | __main__:demo_sls_logging:123 - === SLS æ—¥å¿—ç¤ºä¾‹ ===
2025-07-26 13:11:10 | INFO     | __main__:demo_sls_logging:126 - ä¼ä¸šçº§æ—¥å¿—è®°å½•
2025-07-26 13:11:10 | WARNING  | __main__:demo_sls_logging:134 - å®‰å…¨äº‹ä»¶
2025-07-26 13:11:10 | INFO     | __main__:main:165 - Enterprise Demo è¿è¡Œå®Œæˆ
2025-07-26 13:14:35 | INFO     | __main__:setup_logging:37 - æ—¥å¿—ç³»ç»Ÿåˆå§‹åŒ–å®Œæˆ
2025-07-26 13:14:35 | INFO     | __main__:check_sls_config:63 - SLS é…ç½®æ£€æŸ¥é€šè¿‡
2025-07-26 13:14:35 | INFO     | __main__:main:153 - SLS åŠŸèƒ½å·²å¯ç”¨
2025-07-26 13:14:35 | INFO     | __main__:demo_basic_logging:68 - === åŸºç¡€æ—¥å¿—ç¤ºä¾‹ ===
2025-07-26 13:14:35 | INFO     | __main__:demo_basic_logging:71 - è¿™æ˜¯æ™®é€šä¿¡æ¯
2025-07-26 13:14:35 | WARNING  | __main__:demo_basic_logging:72 - è¿™æ˜¯è­¦å‘Šä¿¡æ¯
2025-07-26 13:14:35 | ERROR    | __main__:demo_basic_logging:73 - è¿™æ˜¯é”™è¯¯ä¿¡æ¯
2025-07-26 13:14:35 | INFO     | __main__:demo_structured_logging:77 - === ç»“æ„åŒ–æ—¥å¿—ç¤ºä¾‹ ===
2025-07-26 13:14:35 | INFO     | __main__:demo_structured_logging:80 - ç”¨æˆ·ç™»å½•
2025-07-26 13:14:35 | INFO     | __main__:demo_structured_logging:90 - API è°ƒç”¨
2025-07-26 13:14:35 | INFO     | __main__:demo_structured_logging:99 - ä¸šåŠ¡æŒ‡æ ‡
2025-07-26 13:14:35 | INFO     | __main__:demo_error_logging:109 - === é”™è¯¯æ—¥å¿—ç¤ºä¾‹ ===
2025-07-26 13:14:35 | ERROR    | __main__:demo_error_logging:115 - è®¡ç®—é”™è¯¯
[33m[1mTraceback (most recent call last):[0m

  File "[32m/Users/harrytang/Documents/GitHub/loguru-suite/examples/enterprise-demo/[0m[32m[1mmain.py[0m", line [33m172[0m, in [35m<module>[0m
    [1mmain[0m[1m([0m[1m)[0m
    [36mâ”” [0m[36m[1m<function main at 0x103c436a0>[0m

  File "[32m/Users/harrytang/Documents/GitHub/loguru-suite/examples/enterprise-demo/[0m[32m[1mmain.py[0m", line [33m160[0m, in [35mmain[0m
    [1mdemo_error_logging[0m[1m([0m[1m)[0m
    [36mâ”” [0m[36m[1m<function demo_error_logging at 0x103c43560>[0m

> File "[32m/Users/harrytang/Documents/GitHub/loguru-suite/examples/enterprise-demo/[0m[32m[1mmain.py[0m", line [33m113[0m, in [35mdemo_error_logging[0m
    [1mresult[0m [35m[1m=[0m [34m[1m10[0m [35m[1m/[0m [34m[1m0[0m

[31m[1mZeroDivisionError[0m:[1m division by zero[0m
2025-07-26 13:14:35 | INFO     | __main__:demo_sls_logging:123 - === SLS æ—¥å¿—ç¤ºä¾‹ ===
2025-07-26 13:14:35 | INFO     | __main__:demo_sls_logging:126 - ä¼ä¸šçº§æ—¥å¿—è®°å½•
2025-07-26 13:14:35 | WARNING  | __main__:demo_sls_logging:134 - å®‰å…¨äº‹ä»¶
2025-07-26 13:14:35 | INFO     | __main__:main:165 - Enterprise Demo è¿è¡Œå®Œæˆ
2025-07-26 13:16:23 | INFO     | __main__:setup_logging:37 - æ—¥å¿—ç³»ç»Ÿåˆå§‹åŒ–å®Œæˆ
2025-07-26 13:16:23 | INFO     | __main__:check_sls_config:63 - SLS é…ç½®æ£€æŸ¥é€šè¿‡
2025-07-26 13:16:23 | INFO     | __main__:main:153 - SLS åŠŸèƒ½å·²å¯ç”¨
2025-07-26 13:16:23 | INFO     | __main__:demo_basic_logging:68 - === åŸºç¡€æ—¥å¿—ç¤ºä¾‹ ===
2025-07-26 13:16:23 | INFO     | __main__:demo_basic_logging:71 - è¿™æ˜¯æ™®é€šä¿¡æ¯
2025-07-26 13:16:23 | WARNING  | __main__:demo_basic_logging:72 - è¿™æ˜¯è­¦å‘Šä¿¡æ¯
2025-07-26 13:16:23 | ERROR    | __main__:demo_basic_logging:73 - è¿™æ˜¯é”™è¯¯ä¿¡æ¯
2025-07-26 13:16:23 | INFO     | __main__:demo_structured_logging:77 - === ç»“æ„åŒ–æ—¥å¿—ç¤ºä¾‹ ===
2025-07-26 13:16:23 | INFO     | __main__:demo_structured_logging:80 - ç”¨æˆ·ç™»å½•
2025-07-26 13:16:23 | INFO     | __main__:demo_structured_logging:90 - API è°ƒç”¨
2025-07-26 13:16:23 | INFO     | __main__:demo_structured_logging:99 - ä¸šåŠ¡æŒ‡æ ‡
2025-07-26 13:16:23 | INFO     | __main__:demo_error_logging:109 - === é”™è¯¯æ—¥å¿—ç¤ºä¾‹ ===
2025-07-26 13:16:23 | ERROR    | __main__:demo_error_logging:115 - è®¡ç®—é”™è¯¯
[33m[1mTraceback (most recent call last):[0m

  File "[32m/Users/harrytang/Documents/GitHub/loguru-suite/examples/enterprise-demo/[0m[32m[1mmain.py[0m", line [33m172[0m, in [35m<module>[0m
    [1mmain[0m[1m([0m[1m)[0m
    [36mâ”” [0m[36m[1m<function main at 0x105c43880>[0m

  File "[32m/Users/harrytang/Documents/GitHub/loguru-suite/examples/enterprise-demo/[0m[32m[1mmain.py[0m", line [33m160[0m, in [35mmain[0m
    [1mdemo_error_logging[0m[1m([0m[1m)[0m
    [36mâ”” [0m[36m[1m<function demo_error_logging at 0x105c43740>[0m

> File "[32m/Users/harrytang/Documents/GitHub/loguru-suite/examples/enterprise-demo/[0m[32m[1mmain.py[0m", line [33m113[0m, in [35mdemo_error_logging[0m
    [1mresult[0m [35m[1m=[0m [34m[1m10[0m [35m[1m/[0m [34m[1m0[0m

[31m[1mZeroDivisionError[0m:[1m division by zero[0m
2025-07-26 13:16:23 | INFO     | __main__:demo_sls_logging:123 - === SLS æ—¥å¿—ç¤ºä¾‹ ===
2025-07-26 13:16:23 | INFO     | __main__:demo_sls_logging:126 - ä¼ä¸šçº§æ—¥å¿—è®°å½•
2025-07-26 13:16:23 | WARNING  | __main__:demo_sls_logging:134 - å®‰å…¨äº‹ä»¶
2025-07-26 13:16:23 | INFO     | __main__:main:165 - Enterprise Demo è¿è¡Œå®Œæˆ
2025-07-26 13:17:18 | INFO     | __main__:setup_logging:37 - æ—¥å¿—ç³»ç»Ÿåˆå§‹åŒ–å®Œæˆ
2025-07-26 13:17:18 | INFO     | __main__:check_sls_config:63 - SLS é…ç½®æ£€æŸ¥é€šè¿‡
2025-07-26 13:17:18 | INFO     | __main__:main:153 - SLS åŠŸèƒ½å·²å¯ç”¨
2025-07-26 13:17:18 | INFO     | __main__:demo_basic_logging:68 - === åŸºç¡€æ—¥å¿—ç¤ºä¾‹ ===
2025-07-26 13:17:18 | INFO     | __main__:demo_basic_logging:71 - è¿™æ˜¯æ™®é€šä¿¡æ¯
2025-07-26 13:17:18 | WARNING  | __main__:demo_basic_logging:72 - è¿™æ˜¯è­¦å‘Šä¿¡æ¯
2025-07-26 13:17:18 | ERROR    | __main__:demo_basic_logging:73 - è¿™æ˜¯é”™è¯¯ä¿¡æ¯
2025-07-26 13:17:18 | INFO     | __main__:demo_structured_logging:77 - === ç»“æ„åŒ–æ—¥å¿—ç¤ºä¾‹ ===
2025-07-26 13:17:18 | INFO     | __main__:demo_structured_logging:80 - ç”¨æˆ·ç™»å½•
2025-07-26 13:17:18 | INFO     | __main__:demo_structured_logging:90 - API è°ƒç”¨
2025-07-26 13:17:18 | INFO     | __main__:demo_structured_logging:99 - ä¸šåŠ¡æŒ‡æ ‡
2025-07-26 13:17:18 | INFO     | __main__:demo_error_logging:109 - === é”™è¯¯æ—¥å¿—ç¤ºä¾‹ ===
2025-07-26 13:17:18 | ERROR    | __main__:demo_error_logging:115 - è®¡ç®—é”™è¯¯
[33m[1mTraceback (most recent call last):[0m

  File "[32m/Users/harrytang/Documents/GitHub/loguru-suite/examples/enterprise-demo/[0m[32m[1mmain.py[0m", line [33m172[0m, in [35m<module>[0m
    [1mmain[0m[1m([0m[1m)[0m
    [36mâ”” [0m[36m[1m<function main at 0x12104f380>[0m

  File "[32m/Users/harrytang/Documents/GitHub/loguru-suite/examples/enterprise-demo/[0m[32m[1mmain.py[0m", line [33m160[0m, in [35mmain[0m
    [1mdemo_error_logging[0m[1m([0m[1m)[0m
    [36mâ”” [0m[36m[1m<function demo_error_logging at 0x12104f240>[0m

> File "[32m/Users/harrytang/Documents/GitHub/loguru-suite/examples/enterprise-demo/[0m[32m[1mmain.py[0m", line [33m113[0m, in [35mdemo_error_logging[0m
    [1mresult[0m [35m[1m=[0m [34m[1m10[0m [35m[1m/[0m [34m[1m0[0m

[31m[1mZeroDivisionError[0m:[1m division by zero[0m
2025-07-26 13:17:18 | INFO     | __main__:demo_sls_logging:123 - === SLS æ—¥å¿—ç¤ºä¾‹ ===
2025-07-26 13:17:18 | INFO     | __main__:demo_sls_logging:126 - ä¼ä¸šçº§æ—¥å¿—è®°å½•
2025-07-26 13:17:18 | WARNING  | __main__:demo_sls_logging:134 - å®‰å…¨äº‹ä»¶
2025-07-26 13:17:18 | INFO     | __main__:main:165 - Enterprise Demo è¿è¡Œå®Œæˆ
2025-07-26 13:22:04 | INFO     | __main__:setup_logging:39 - æ—¥å¿—ç³»ç»Ÿåˆå§‹åŒ–å®Œæˆ
2025-07-26 13:22:04 | INFO     | __main__:check_sls_config:65 - SLS é…ç½®æ£€æŸ¥é€šè¿‡
2025-07-26 13:22:04 | INFO     | __main__:main:211 - SLS åŠŸèƒ½å·²å¯ç”¨
2025-07-26 13:22:04 | INFO     | __main__:demo_basic_logging:70 - === åŸºç¡€æ—¥å¿—ç¤ºä¾‹ ===
2025-07-26 13:22:04 | INFO     | __main__:demo_basic_logging:73 - è¿™æ˜¯æ™®é€šä¿¡æ¯
2025-07-26 13:22:04 | WARNING  | __main__:demo_basic_logging:74 - è¿™æ˜¯è­¦å‘Šä¿¡æ¯
2025-07-26 13:22:04 | ERROR    | __main__:demo_basic_logging:75 - è¿™æ˜¯é”™è¯¯ä¿¡æ¯
2025-07-26 13:22:04 | INFO     | __main__:demo_structured_logging:79 - === ç»“æ„åŒ–æ—¥å¿—ç¤ºä¾‹ ===
2025-07-26 13:22:04 | INFO     | __main__:demo_structured_logging:82 - ç”¨æˆ·ç™»å½•
2025-07-26 13:22:04 | INFO     | __main__:demo_structured_logging:92 - API è°ƒç”¨
2025-07-26 13:22:04 | INFO     | __main__:demo_structured_logging:101 - ä¸šåŠ¡æŒ‡æ ‡
2025-07-26 13:22:04 | INFO     | __main__:demo_error_logging:111 - === é”™è¯¯æ—¥å¿—ç¤ºä¾‹ ===
2025-07-26 13:22:04 | ERROR    | __main__:demo_error_logging:117 - è®¡ç®—é”™è¯¯
[33m[1mTraceback (most recent call last):[0m

  File "[32m/Users/harrytang/Documents/GitHub/loguru-suite/examples/enterprise-demo/[0m[32m[1mmain.py[0m", line [33m237[0m, in [35m<module>[0m
    [1mmain[0m[1m([0m[1m)[0m
    [36mâ”” [0m[36m[1m<function main at 0x1030434c0>[0m

  File "[32m/Users/harrytang/Documents/GitHub/loguru-suite/examples/enterprise-demo/[0m[32m[1mmain.py[0m", line [33m218[0m, in [35mmain[0m
    [1mdemo_error_logging[0m[1m([0m[1m)[0m
    [36mâ”” [0m[36m[1m<function demo_error_logging at 0x1030432e0>[0m

> File "[32m/Users/harrytang/Documents/GitHub/loguru-suite/examples/enterprise-demo/[0m[32m[1mmain.py[0m", line [33m115[0m, in [35mdemo_error_logging[0m
    [1mresult[0m [35m[1m=[0m [34m[1m10[0m [35m[1m/[0m [34m[1m0[0m

[31m[1mZeroDivisionError[0m:[1m division by zero[0m
2025-07-26 13:22:04 | INFO     | __main__:demo_sls_logging:125 - === SLS æ—¥å¿—ç¤ºä¾‹ ===
2025-07-26 13:22:04 | INFO     | __main__:demo_sls_logging:128 - ä¼ä¸šçº§æ—¥å¿—è®°å½•
2025-07-26 13:22:04 | WARNING  | __main__:demo_sls_logging:136 - å®‰å…¨äº‹ä»¶
2025-07-26 13:22:04 | INFO     | __main__:demo_sls_logging:145 - Enterprise Demo æµ‹è¯•æ—¥å¿—
2025-07-26 13:22:04 | INFO     | __main__:main:223 - Enterprise Demo è¿è¡Œå®Œæˆ
2025-07-26 13:25:10 | INFO     | __main__:setup_logging:41 - æ—¥å¿—ç³»ç»Ÿåˆå§‹åŒ–å®Œæˆ
2025-07-26 13:25:10 | INFO     | __main__:check_sls_config:67 - SLS é…ç½®æ£€æŸ¥é€šè¿‡
2025-07-26 13:25:10 | INFO     | __main__:main:213 - SLS åŠŸèƒ½å·²å¯ç”¨
2025-07-26 13:25:10 | INFO     | __main__:demo_basic_logging:72 - === åŸºç¡€æ—¥å¿—ç¤ºä¾‹ ===
2025-07-26 13:25:10 | INFO     | __main__:demo_basic_logging:75 - è¿™æ˜¯æ™®é€šä¿¡æ¯
2025-07-26 13:25:10 | WARNING  | __main__:demo_basic_logging:76 - è¿™æ˜¯è­¦å‘Šä¿¡æ¯
2025-07-26 13:25:10 | ERROR    | __main__:demo_basic_logging:77 - è¿™æ˜¯é”™è¯¯ä¿¡æ¯
2025-07-26 13:25:10 | INFO     | __main__:demo_structured_logging:81 - === ç»“æ„åŒ–æ—¥å¿—ç¤ºä¾‹ ===
2025-07-26 13:25:10 | INFO     | __main__:demo_structured_logging:84 - ç”¨æˆ·ç™»å½•
2025-07-26 13:25:10 | INFO     | __main__:demo_structured_logging:94 - API è°ƒç”¨
2025-07-26 13:25:10 | INFO     | __main__:demo_structured_logging:103 - ä¸šåŠ¡æŒ‡æ ‡
2025-07-26 13:25:10 | INFO     | __main__:demo_error_logging:113 - === é”™è¯¯æ—¥å¿—ç¤ºä¾‹ ===
2025-07-26 13:25:10 | ERROR    | __main__:demo_error_logging:119 - è®¡ç®—é”™è¯¯
[33m[1mTraceback (most recent call last):[0m

  File "[32m/Users/harrytang/Documents/GitHub/loguru-suite/examples/enterprise-demo/[0m[32m[1mmain.py[0m", line [33m239[0m, in [35m<module>[0m
    [1mmain[0m[1m([0m[1m)[0m
    [36mâ”” [0m[36m[1m<function main at 0x10913f6a0>[0m

  File "[32m/Users/harrytang/Documents/GitHub/loguru-suite/examples/enterprise-demo/[0m[32m[1mmain.py[0m", line [33m220[0m, in [35mmain[0m
    [1mdemo_error_logging[0m[1m([0m[1m)[0m
    [36mâ”” [0m[36m[1m<function demo_error_logging at 0x10913f4c0>[0m

> File "[32m/Users/harrytang/Documents/GitHub/loguru-suite/examples/enterprise-demo/[0m[32m[1mmain.py[0m", line [33m117[0m, in [35mdemo_error_logging[0m
    [1mresult[0m [35m[1m=[0m [34m[1m10[0m [35m[1m/[0m [34m[1m0[0m

[31m[1mZeroDivisionError[0m:[1m division by zero[0m
2025-07-26 13:25:10 | INFO     | __main__:demo_sls_logging:127 - === SLS æ—¥å¿—ç¤ºä¾‹ ===
2025-07-26 13:25:10 | INFO     | __main__:demo_sls_logging:130 - ä¼ä¸šçº§æ—¥å¿—è®°å½•
2025-07-26 13:25:10 | WARNING  | __main__:demo_sls_logging:138 - å®‰å…¨äº‹ä»¶
2025-07-26 13:25:10 | INFO     | __main__:demo_sls_logging:147 - Enterprise Demo æµ‹è¯•æ—¥å¿—
2025-07-26 13:25:10 | INFO     | __main__:main:225 - Enterprise Demo è¿è¡Œå®Œæˆ
2025-07-26 13:25:58 | INFO     | __main__:setup_logging:66 - æ—¥å¿—ç³»ç»Ÿåˆå§‹åŒ–å®Œæˆ
2025-07-26 13:25:58 | INFO     | __main__:check_sls_config:95 - SLS é…ç½®æ£€æŸ¥é€šè¿‡
2025-07-26 13:25:58 | INFO     | __main__:main:241 - SLS åŠŸèƒ½å·²å¯ç”¨
2025-07-26 13:25:58 | INFO     | __main__:demo_basic_logging:100 - === åŸºç¡€æ—¥å¿—ç¤ºä¾‹ ===
2025-07-26 13:25:58 | INFO     | __main__:demo_basic_logging:103 - è¿™æ˜¯æ™®é€šä¿¡æ¯
2025-07-26 13:25:58 | WARNING  | __main__:demo_basic_logging:104 - è¿™æ˜¯è­¦å‘Šä¿¡æ¯
2025-07-26 13:25:58 | ERROR    | __main__:demo_basic_logging:105 - è¿™æ˜¯é”™è¯¯ä¿¡æ¯
2025-07-26 13:25:58 | INFO     | __main__:demo_structured_logging:109 - === ç»“æ„åŒ–æ—¥å¿—ç¤ºä¾‹ ===
2025-07-26 13:25:58 | INFO     | __main__:demo_structured_logging:112 - ç”¨æˆ·ç™»å½•
2025-07-26 13:25:58 | INFO     | __main__:demo_structured_logging:122 - API è°ƒç”¨
2025-07-26 13:25:58 | INFO     | __main__:demo_structured_logging:131 - ä¸šåŠ¡æŒ‡æ ‡
2025-07-26 13:25:58 | INFO     | __main__:demo_error_logging:141 - === é”™è¯¯æ—¥å¿—ç¤ºä¾‹ ===
2025-07-26 13:25:58 | ERROR    | __main__:demo_error_logging:147 - è®¡ç®—é”™è¯¯
[33m[1mTraceback (most recent call last):[0m

  File "[32m/Users/harrytang/Documents/GitHub/loguru-suite/examples/enterprise-demo/[0m[32m[1mmain.py[0m", line [33m267[0m, in [35m<module>[0m
    [1mmain[0m[1m([0m[1m)[0m
    [36mâ”” [0m[36m[1m<function main at 0x10773f740>[0m

  File "[32m/Users/harrytang/Documents/GitHub/loguru-suite/examples/enterprise-demo/[0m[32m[1mmain.py[0m", line [33m248[0m, in [35mmain[0m
    [1mdemo_error_logging[0m[1m([0m[1m)[0m
    [36mâ”” [0m[36m[1m<function demo_error_logging at 0x10773f560>[0m

> File "[32m/Users/harrytang/Documents/GitHub/loguru-suite/examples/enterprise-demo/[0m[32m[1mmain.py[0m", line [33m145[0m, in [35mdemo_error_logging[0m
    [1mresult[0m [35m[1m=[0m [34m[1m10[0m [35m[1m/[0m [34m[1m0[0m

[31m[1mZeroDivisionError[0m:[1m division by zero[0m
2025-07-26 13:25:58 | INFO     | __main__:demo_sls_logging:155 - === SLS æ—¥å¿—ç¤ºä¾‹ ===
2025-07-26 13:25:58 | INFO     | __main__:demo_sls_logging:158 - ä¼ä¸šçº§æ—¥å¿—è®°å½•
2025-07-26 13:25:58 | WARNING  | __main__:demo_sls_logging:166 - å®‰å…¨äº‹ä»¶
2025-07-26 13:25:58 | INFO     | __main__:demo_sls_logging:175 - Enterprise Demo æµ‹è¯•æ—¥å¿—
2025-07-26 13:25:58 | INFO     | __main__:main:253 - Enterprise Demo è¿è¡Œå®Œæˆ
2025-07-26 14:14:45 | INFO     | src.config:setup_logging:62 - æ—¥å¿—ç³»ç»Ÿåˆå§‹åŒ–å®Œæˆ
2025-07-26 14:14:45 | INFO     | src.config:check_sls_config:92 - SLS é…ç½®æ£€æŸ¥é€šè¿‡
2025-07-26 14:14:45 | INFO     | __main__:main:31 - SLS åŠŸèƒ½å·²å¯ç”¨
2025-07-26 14:14:45 | INFO     | src.demos:demo_basic_logging:15 - === åŸºç¡€æ—¥å¿—ç¤ºä¾‹ ===
2025-07-26 14:14:45 | INFO     | src.demos:demo_basic_logging:18 - è¿™æ˜¯æ™®é€šä¿¡æ¯
2025-07-26 14:14:45 | WARNING  | src.demos:demo_basic_logging:19 - è¿™æ˜¯è­¦å‘Šä¿¡æ¯
2025-07-26 14:14:45 | ERROR    | src.demos:demo_basic_logging:20 - è¿™æ˜¯é”™è¯¯ä¿¡æ¯
2025-07-26 14:14:45 | INFO     | src.demos:demo_structured_logging:25 - === ç»“æ„åŒ–æ—¥å¿—ç¤ºä¾‹ ===
2025-07-26 14:14:45 | INFO     | src.demos:demo_structured_logging:28 - ç”¨æˆ·ç™»å½•
2025-07-26 14:14:45 | INFO     | src.demos:demo_structured_logging:38 - API è°ƒç”¨
2025-07-26 14:14:45 | INFO     | src.demos:demo_structured_logging:47 - ä¸šåŠ¡æŒ‡æ ‡
2025-07-26 14:14:45 | INFO     | src.demos:demo_error_logging:58 - === é”™è¯¯æ—¥å¿—ç¤ºä¾‹ ===
2025-07-26 14:14:45 | ERROR    | src.demos:demo_error_logging:64 - è®¡ç®—é”™è¯¯
[33m[1mTraceback (most recent call last):[0m

  File "[32m/Users/harrytang/Documents/GitHub/loguru-suite/examples/enterprise-demo/[0m[32m[1mmain.py[0m", line [33m58[0m, in [35m<module>[0m
    [1mmain[0m[1m([0m[1m)[0m
    [36mâ”” [0m[36m[1m<function main at 0x100f84e00>[0m

  File "[32m/Users/harrytang/Documents/GitHub/loguru-suite/examples/enterprise-demo/[0m[32m[1mmain.py[0m", line [33m38[0m, in [35mmain[0m
    [1mdemo_error_logging[0m[1m([0m[1m)[0m
    [36mâ”” [0m[36m[1m<function demo_error_logging at 0x10703cb80>[0m

> File "[32m/Users/harrytang/Documents/GitHub/loguru-suite/examples/enterprise-demo/src/[0m[32m[1mdemos.py[0m", line [33m62[0m, in [35mdemo_error_logging[0m
    [1mresult[0m [35m[1m=[0m [34m[1m10[0m [35m[1m/[0m [34m[1m0[0m

[31m[1mZeroDivisionError[0m:[1m division by zero[0m
2025-07-26 14:14:45 | INFO     | src.demos:demo_sls_logging:73 - === SLS æ—¥å¿—ç¤ºä¾‹ ===
2025-07-26 14:14:45 | INFO     | src.demos:demo_sls_logging:76 - ä¼ä¸šçº§æ—¥å¿—è®°å½•
2025-07-26 14:14:45 | WARNING  | src.demos:demo_sls_logging:84 - å®‰å…¨äº‹ä»¶
2025-07-26 14:14:45 | INFO     | src.demos:demo_sls_logging:93 - Enterprise Demo æµ‹è¯•æ—¥å¿—
2025-07-26 14:14:45 | INFO     | __main__:main:43 - Enterprise Demo è¿è¡Œå®Œæˆ
2025-07-26 14:17:41 | INFO     | src.config:setup_logging:62 - æ—¥å¿—ç³»ç»Ÿåˆå§‹åŒ–å®Œæˆ
2025-07-26 14:17:41 | INFO     | src.config:check_sls_config:92 - SLS é…ç½®æ£€æŸ¥é€šè¿‡
2025-07-26 14:17:41 | INFO     | __main__:main:31 - SLS åŠŸèƒ½å·²å¯ç”¨
2025-07-26 14:17:41 | INFO     | src.demos:demo_basic_logging:14 - === åŸºç¡€æ—¥å¿—ç¤ºä¾‹ ===
2025-07-26 14:17:41 | INFO     | src.demos:demo_basic_logging:17 - è¿™æ˜¯æ™®é€šä¿¡æ¯
2025-07-26 14:17:41 | WARNING  | src.demos:demo_basic_logging:18 - è¿™æ˜¯è­¦å‘Šä¿¡æ¯
2025-07-26 14:17:41 | ERROR    | src.demos:demo_basic_logging:19 - è¿™æ˜¯é”™è¯¯ä¿¡æ¯
2025-07-26 14:17:41 | INFO     | src.demos:demo_structured_logging:24 - === ç»“æ„åŒ–æ—¥å¿—ç¤ºä¾‹ ===
2025-07-26 14:17:41 | INFO     | src.demos:demo_structured_logging:27 - ç”¨æˆ·ç™»å½•
2025-07-26 14:17:41 | INFO     | src.demos:demo_structured_logging:37 - API è°ƒç”¨
2025-07-26 14:17:41 | INFO     | src.demos:demo_structured_logging:46 - ä¸šåŠ¡æŒ‡æ ‡
2025-07-26 14:17:41 | INFO     | src.demos:demo_error_logging:57 - === é”™è¯¯æ—¥å¿—ç¤ºä¾‹ ===
2025-07-26 14:17:41 | ERROR    | src.demos:demo_error_logging:63 - è®¡ç®—é”™è¯¯
[33m[1mTraceback (most recent call last):[0m

  File "[32m/Users/harrytang/Documents/GitHub/loguru-suite/examples/enterprise-demo/[0m[32m[1mmain.py[0m", line [33m58[0m, in [35m<module>[0m
    [1mmain[0m[1m([0m[1m)[0m
    [36mâ”” [0m[36m[1m<function main at 0x104828e00>[0m

  File "[32m/Users/harrytang/Documents/GitHub/loguru-suite/examples/enterprise-demo/[0m[32m[1mmain.py[0m", line [33m38[0m, in [35mmain[0m
    [1mdemo_error_logging[0m[1m([0m[1m)[0m
    [36mâ”” [0m[36m[1m<function demo_error_logging at 0x108a3cb80>[0m

> File "[32m/Users/harrytang/Documents/GitHub/loguru-suite/examples/enterprise-demo/src/[0m[32m[1mdemos.py[0m", line [33m61[0m, in [35mdemo_error_logging[0m
    [1mresult[0m [35m[1m=[0m [34m[1m10[0m [35m[1m/[0m [34m[1m0[0m

[31m[1mZeroDivisionError[0m:[1m division by zero[0m
2025-07-26 14:17:41 | INFO     | src.demos:demo_sls_logging:72 - === SLS æ—¥å¿—ç¤ºä¾‹ ===
2025-07-26 14:17:41 | INFO     | src.demos:demo_sls_logging:75 - ä¼ä¸šçº§æ—¥å¿—è®°å½•
2025-07-26 14:17:41 | WARNING  | src.demos:demo_sls_logging:83 - å®‰å…¨äº‹ä»¶
2025-07-26 14:17:41 | INFO     | src.demos:demo_sls_logging:92 - Enterprise Demo æµ‹è¯•æ—¥å¿—
2025-07-26 14:17:41 | INFO     | __main__:main:43 - Enterprise Demo è¿è¡Œå®Œæˆ
2025-07-26 14:19:28 | INFO     | src.config:setup_logging:36 - æ—¥å¿—ç³»ç»Ÿåˆå§‹åŒ–å®Œæˆ
2025-07-26 14:19:28 | INFO     | src.config:check_sls_config:46 - SLS é…ç½®æ£€æŸ¥é€šè¿‡
2025-07-26 14:19:28 | INFO     | __main__:main:31 - SLS åŠŸèƒ½å·²å¯ç”¨
2025-07-26 14:19:28 | INFO     | src.demos:demo_basic_logging:14 - === åŸºç¡€æ—¥å¿—ç¤ºä¾‹ ===
2025-07-26 14:19:28 | INFO     | src.demos:demo_basic_logging:17 - è¿™æ˜¯æ™®é€šä¿¡æ¯
2025-07-26 14:19:28 | WARNING  | src.demos:demo_basic_logging:18 - è¿™æ˜¯è­¦å‘Šä¿¡æ¯
2025-07-26 14:19:28 | ERROR    | src.demos:demo_basic_logging:19 - è¿™æ˜¯é”™è¯¯ä¿¡æ¯
2025-07-26 14:19:28 | INFO     | src.demos:demo_structured_logging:24 - === ç»“æ„åŒ–æ—¥å¿—ç¤ºä¾‹ ===
2025-07-26 14:19:28 | INFO     | src.demos:demo_structured_logging:27 - ç”¨æˆ·ç™»å½•
2025-07-26 14:19:28 | INFO     | src.demos:demo_structured_logging:37 - API è°ƒç”¨
2025-07-26 14:19:28 | INFO     | src.demos:demo_structured_logging:46 - ä¸šåŠ¡æŒ‡æ ‡
2025-07-26 14:19:28 | INFO     | src.demos:demo_error_logging:57 - === é”™è¯¯æ—¥å¿—ç¤ºä¾‹ ===
2025-07-26 14:19:28 | ERROR    | src.demos:demo_error_logging:63 - è®¡ç®—é”™è¯¯
[33m[1mTraceback (most recent call last):[0m

  File "[32m/Users/harrytang/Documents/GitHub/loguru-suite/examples/enterprise-demo/[0m[32m[1mmain.py[0m", line [33m58[0m, in [35m<module>[0m
    [1mmain[0m[1m([0m[1m)[0m
    [36mâ”” [0m[36m[1m<function main at 0x100a2ce00>[0m

  File "[32m/Users/harrytang/Documents/GitHub/loguru-suite/examples/enterprise-demo/[0m[32m[1mmain.py[0m", line [33m38[0m, in [35mmain[0m
    [1mdemo_error_logging[0m[1m([0m[1m)[0m
    [36mâ”” [0m[36m[1m<function demo_error_logging at 0x105f30ae0>[0m

> File "[32m/Users/harrytang/Documents/GitHub/loguru-suite/examples/enterprise-demo/src/[0m[32m[1mdemos.py[0m", line [33m61[0m, in [35mdemo_error_logging[0m
    [1mresult[0m [35m[1m=[0m [34m[1m10[0m [35m[1m/[0m [34m[1m0[0m

[31m[1mZeroDivisionError[0m:[1m division by zero[0m
2025-07-26 14:19:28 | INFO     | src.demos:demo_sls_logging:72 - === SLS æ—¥å¿—ç¤ºä¾‹ ===
2025-07-26 14:19:28 | INFO     | src.demos:demo_sls_logging:75 - ä¼ä¸šçº§æ—¥å¿—è®°å½•
2025-07-26 14:19:28 | WARNING  | src.demos:demo_sls_logging:83 - å®‰å…¨äº‹ä»¶
2025-07-26 14:19:28 | INFO     | src.demos:demo_sls_logging:92 - Enterprise Demo æµ‹è¯•æ—¥å¿—
2025-07-26 14:19:28 | INFO     | __main__:main:43 - Enterprise Demo è¿è¡Œå®Œæˆ
2025-07-26 14:23:20 | INFO     | src.config:setup_logging:36 - æ—¥å¿—ç³»ç»Ÿåˆå§‹åŒ–å®Œæˆ
2025-07-26 14:23:20 | INFO     | src.config:check_sls_config:46 - SLS é…ç½®æ£€æŸ¥é€šè¿‡
2025-07-26 14:23:20 | INFO     | __main__:main:31 - SLS åŠŸèƒ½å·²å¯ç”¨
2025-07-26 14:23:20 | INFO     | src.demos:demo_basic_logging:14 - === åŸºç¡€æ—¥å¿—ç¤ºä¾‹ ===
2025-07-26 14:23:20 | INFO     | src.demos:demo_basic_logging:17 - è¿™æ˜¯æ™®é€šä¿¡æ¯
2025-07-26 14:23:20 | WARNING  | src.demos:demo_basic_logging:18 - è¿™æ˜¯è­¦å‘Šä¿¡æ¯
2025-07-26 14:23:20 | ERROR    | src.demos:demo_basic_logging:19 - è¿™æ˜¯é”™è¯¯ä¿¡æ¯
2025-07-26 14:23:20 | INFO     | src.demos:demo_structured_logging:24 - === ç»“æ„åŒ–æ—¥å¿—ç¤ºä¾‹ ===
2025-07-26 14:23:20 | INFO     | src.demos:demo_structured_logging:27 - ç”¨æˆ·ç™»å½•
2025-07-26 14:23:20 | INFO     | src.demos:demo_structured_logging:37 - API è°ƒç”¨
2025-07-26 14:23:20 | INFO     | src.demos:demo_structured_logging:46 - ä¸šåŠ¡æŒ‡æ ‡
2025-07-26 14:23:20 | INFO     | src.demos:demo_error_logging:57 - === é”™è¯¯æ—¥å¿—ç¤ºä¾‹ ===
2025-07-26 14:23:20 | ERROR    | src.demos:demo_error_logging:63 - è®¡ç®—é”™è¯¯
[33m[1mTraceback (most recent call last):[0m

  File "[32m/Users/harrytang/Documents/GitHub/loguru-suite/examples/enterprise-demo/[0m[32m[1mmain.py[0m", line [33m58[0m, in [35m<module>[0m
    [1mmain[0m[1m([0m[1m)[0m
    [36mâ”” [0m[36m[1m<function main at 0x102bace00>[0m

  File "[32m/Users/harrytang/Documents/GitHub/loguru-suite/examples/enterprise-demo/[0m[32m[1mmain.py[0m", line [33m38[0m, in [35mmain[0m
    [1mdemo_error_logging[0m[1m([0m[1m)[0m
    [36mâ”” [0m[36m[1m<function demo_error_logging at 0x10573cb80>[0m

> File "[32m/Users/harrytang/Documents/GitHub/loguru-suite/examples/enterprise-demo/src/[0m[32m[1mdemos.py[0m", line [33m61[0m, in [35mdemo_error_logging[0m
    [1mresult[0m [35m[1m=[0m [34m[1m10[0m [35m[1m/[0m [34m[1m0[0m

[31m[1mZeroDivisionError[0m:[1m division by zero[0m
2025-07-26 14:23:20 | INFO     | src.demos:demo_sls_logging:72 - === SLS æ—¥å¿—ç¤ºä¾‹ ===
2025-07-26 14:23:20 | INFO     | src.demos:demo_sls_logging:75 - ä¼ä¸šçº§æ—¥å¿—è®°å½•
2025-07-26 14:23:20 | WARNING  | src.demos:demo_sls_logging:83 - å®‰å…¨äº‹ä»¶
2025-07-26 14:23:20 | INFO     | src.demos:demo_sls_logging:92 - Enterprise Demo æµ‹è¯•æ—¥å¿—
2025-07-26 14:23:20 | INFO     | __main__:main:43 - Enterprise Demo è¿è¡Œå®Œæˆ
2025-07-26 14:27:47 | INFO     | src.config:setup_logging:37 - æ—¥å¿—ç³»ç»Ÿåˆå§‹åŒ–å®Œæˆ
2025-07-26 14:27:47 | INFO     | src.config:check_sls_config:47 - SLS é…ç½®æ£€æŸ¥é€šè¿‡
2025-07-26 14:27:47 | INFO     | __main__:main:31 - SLS åŠŸèƒ½å·²å¯ç”¨
2025-07-26 14:27:47 | INFO     | src.demos:demo_basic_logging:14 - === åŸºç¡€æ—¥å¿—ç¤ºä¾‹ ===
2025-07-26 14:27:47 | INFO     | src.demos:demo_basic_logging:17 - è¿™æ˜¯æ™®é€šä¿¡æ¯
2025-07-26 14:27:47 | WARNING  | src.demos:demo_basic_logging:18 - è¿™æ˜¯è­¦å‘Šä¿¡æ¯
2025-07-26 14:27:47 | ERROR    | src.demos:demo_basic_logging:19 - è¿™æ˜¯é”™è¯¯ä¿¡æ¯
2025-07-26 14:27:47 | INFO     | src.demos:demo_structured_logging:24 - === ç»“æ„åŒ–æ—¥å¿—ç¤ºä¾‹ ===
2025-07-26 14:27:47 | INFO     | src.demos:demo_structured_logging:27 - ç”¨æˆ·ç™»å½•
2025-07-26 14:27:47 | INFO     | src.demos:demo_structured_logging:37 - API è°ƒç”¨
2025-07-26 14:27:47 | INFO     | src.demos:demo_structured_logging:46 - ä¸šåŠ¡æŒ‡æ ‡
2025-07-26 14:27:47 | INFO     | src.demos:demo_error_logging:57 - === é”™è¯¯æ—¥å¿—ç¤ºä¾‹ ===
2025-07-26 14:27:47 | ERROR    | src.demos:demo_error_logging:63 - è®¡ç®—é”™è¯¯
[33m[1mTraceback (most recent call last):[0m

  File "[32m/Users/harrytang/Documents/GitHub/loguru-suite/examples/enterprise-demo/[0m[32m[1mmain.py[0m", line [33m58[0m, in [35m<module>[0m
    [1mmain[0m[1m([0m[1m)[0m
    [36mâ”” [0m[36m[1m<function main at 0x1007f4e00>[0m

  File "[32m/Users/harrytang/Documents/GitHub/loguru-suite/examples/enterprise-demo/[0m[32m[1mmain.py[0m", line [33m38[0m, in [35mmain[0m
    [1mdemo_error_logging[0m[1m([0m[1m)[0m
    [36mâ”” [0m[36m[1m<function demo_error_logging at 0x104d38cc0>[0m

> File "[32m/Users/harrytang/Documents/GitHub/loguru-suite/examples/enterprise-demo/src/[0m[32m[1mdemos.py[0m", line [33m61[0m, in [35mdemo_error_logging[0m
    [1mresult[0m [35m[1m=[0m [34m[1m10[0m [35m[1m/[0m [34m[1m0[0m

[31m[1mZeroDivisionError[0m:[1m division by zero[0m
2025-07-26 14:27:47 | INFO     | src.demos:demo_sls_logging:72 - === SLS æ—¥å¿—ç¤ºä¾‹ ===
2025-07-26 14:27:47 | INFO     | src.demos:demo_sls_logging:75 - ä¼ä¸šçº§æ—¥å¿—è®°å½•
2025-07-26 14:27:47 | WARNING  | src.demos:demo_sls_logging:83 - å®‰å…¨äº‹ä»¶
2025-07-26 14:27:47 | INFO     | src.demos:demo_sls_logging:92 - Enterprise Demo æµ‹è¯•æ—¥å¿—
2025-07-26 14:27:47 | INFO     | __main__:main:43 - Enterprise Demo è¿è¡Œå®Œæˆ
2025-07-26 14:29:09 | INFO     | src.config:setup_logging:37 - æ—¥å¿—ç³»ç»Ÿåˆå§‹åŒ–å®Œæˆ
2025-07-26 14:29:09 | INFO     | src.config:check_sls_config:47 - SLS é…ç½®æ£€æŸ¥é€šè¿‡
2025-07-26 14:29:09 | INFO     | __main__:main:31 - SLS åŠŸèƒ½å·²å¯ç”¨
2025-07-26 14:29:09 | INFO     | src.demos:demo_basic_logging:14 - === åŸºç¡€æ—¥å¿—ç¤ºä¾‹ ===
2025-07-26 14:29:09 | INFO     | src.demos:demo_basic_logging:17 - è¿™æ˜¯æ™®é€šä¿¡æ¯
2025-07-26 14:29:09 | WARNING  | src.demos:demo_basic_logging:18 - è¿™æ˜¯è­¦å‘Šä¿¡æ¯
2025-07-26 14:29:09 | ERROR    | src.demos:demo_basic_logging:19 - è¿™æ˜¯é”™è¯¯ä¿¡æ¯
2025-07-26 14:29:09 | INFO     | src.demos:demo_structured_logging:24 - === ç»“æ„åŒ–æ—¥å¿—ç¤ºä¾‹ ===
2025-07-26 14:29:09 | INFO     | src.demos:demo_structured_logging:27 - ç”¨æˆ·ç™»å½•
2025-07-26 14:29:09 | INFO     | src.demos:demo_structured_logging:37 - API è°ƒç”¨
2025-07-26 14:29:09 | INFO     | src.demos:demo_structured_logging:46 - ä¸šåŠ¡æŒ‡æ ‡
2025-07-26 14:29:09 | INFO     | src.demos:demo_error_logging:57 - === é”™è¯¯æ—¥å¿—ç¤ºä¾‹ ===
2025-07-26 14:29:09 | ERROR    | src.demos:demo_error_logging:63 - è®¡ç®—é”™è¯¯
[33m[1mTraceback (most recent call last):[0m

  File "[32m/Users/harrytang/Documents/GitHub/loguru-suite/examples/enterprise-demo/[0m[32m[1mmain.py[0m", line [33m58[0m, in [35m<module>[0m
    [1mmain[0m[1m([0m[1m)[0m
    [36mâ”” [0m[36m[1m<function main at 0x101048e00>[0m

  File "[32m/Users/harrytang/Documents/GitHub/loguru-suite/examples/enterprise-demo/[0m[32m[1mmain.py[0m", line [33m38[0m, in [35mmain[0m
    [1mdemo_error_logging[0m[1m([0m[1m)[0m
    [36mâ”” [0m[36m[1m<function demo_error_logging at 0x105e38cc0>[0m

> File "[32m/Users/harrytang/Documents/GitHub/loguru-suite/examples/enterprise-demo/src/[0m[32m[1mdemos.py[0m", line [33m61[0m, in [35mdemo_error_logging[0m
    [1mresult[0m [35m[1m=[0m [34m[1m10[0m [35m[1m/[0m [34m[1m0[0m

[31m[1mZeroDivisionError[0m:[1m division by zero[0m
2025-07-26 14:29:09 | INFO     | src.demos:demo_sls_logging:72 - === SLS æ—¥å¿—ç¤ºä¾‹ ===
2025-07-26 14:29:09 | INFO     | src.demos:demo_sls_logging:75 - ä¼ä¸šçº§æ—¥å¿—è®°å½•
2025-07-26 14:29:09 | WARNING  | src.demos:demo_sls_logging:83 - å®‰å…¨äº‹ä»¶
2025-07-26 14:29:09 | INFO     | src.demos:demo_sls_logging:92 - Enterprise Demo æµ‹è¯•æ—¥å¿—
2025-07-26 14:29:09 | INFO     | __main__:main:43 - Enterprise Demo è¿è¡Œå®Œæˆ
2025-07-26 15:05:39 | INFO     | src.config:setup_logging:37 - æ—¥å¿—ç³»ç»Ÿåˆå§‹åŒ–å®Œæˆ
2025-07-26 15:05:39 | INFO     | src.config:check_sls_config:47 - SLS é…ç½®æ£€æŸ¥é€šè¿‡
2025-07-26 15:05:39 | INFO     | __main__:main:31 - SLS åŠŸèƒ½å·²å¯ç”¨
2025-07-26 15:05:39 | INFO     | __main__:main:32 - PackId åŠŸèƒ½å·²å¯ç”¨ - ç›¸å…³æ—¥å¿—å°†è‡ªåŠ¨åˆ†ç»„
2025-07-26 15:05:39 | INFO     | src.demos:demo_basic_logging:14 - === åŸºç¡€æ—¥å¿—ç¤ºä¾‹ ===
2025-07-26 15:05:39 | INFO     | src.demos:demo_basic_logging:17 - è¿™æ˜¯æ™®é€šä¿¡æ¯
2025-07-26 15:05:39 | WARNING  | src.demos:demo_basic_logging:18 - è¿™æ˜¯è­¦å‘Šä¿¡æ¯
2025-07-26 15:05:39 | ERROR    | src.demos:demo_basic_logging:19 - è¿™æ˜¯é”™è¯¯ä¿¡æ¯
2025-07-26 15:05:39 | INFO     | src.demos:demo_structured_logging:24 - === ç»“æ„åŒ–æ—¥å¿—ç¤ºä¾‹ ===
2025-07-26 15:05:39 | INFO     | src.demos:demo_structured_logging:27 - ç”¨æˆ·ç™»å½•
2025-07-26 15:05:39 | INFO     | src.demos:demo_structured_logging:37 - API è°ƒç”¨
2025-07-26 15:05:39 | INFO     | src.demos:demo_structured_logging:46 - ä¸šåŠ¡æŒ‡æ ‡
2025-07-26 15:05:39 | INFO     | src.demos:demo_error_logging:57 - === é”™è¯¯æ—¥å¿—ç¤ºä¾‹ ===
2025-07-26 15:05:39 | ERROR    | src.demos:demo_error_logging:63 - è®¡ç®—é”™è¯¯
[33m[1mTraceback (most recent call last):[0m

  File "[32m/Users/harrytang/Documents/GitHub/loguru-suite/examples/enterprise-demo/[0m[32m[1mmain.py[0m", line [33m60[0m, in [35m<module>[0m
    [1mmain[0m[1m([0m[1m)[0m
    [36mâ”” [0m[36m[1m<function main at 0x100606020>[0m

  File "[32m/Users/harrytang/Documents/GitHub/loguru-suite/examples/enterprise-demo/[0m[32m[1mmain.py[0m", line [33m39[0m, in [35mmain[0m
    [1mdemo_error_logging[0m[1m([0m[1m)[0m
    [36mâ”” [0m[36m[1m<function demo_error_logging at 0x10273ea20>[0m

> File "[32m/Users/harrytang/Documents/GitHub/loguru-suite/examples/enterprise-demo/src/[0m[32m[1mdemos.py[0m", line [33m61[0m, in [35mdemo_error_logging[0m
    [1mresult[0m [35m[1m=[0m [34m[1m10[0m [35m[1m/[0m [34m[1m0[0m

[31m[1mZeroDivisionError[0m:[1m division by zero[0m
2025-07-26 15:05:39 | INFO     | src.demos:demo_sls_logging:72 - === SLS æ—¥å¿—ç¤ºä¾‹ ===
2025-07-26 15:05:39 | INFO     | src.demos:demo_sls_logging:75 - ä¼ä¸šçº§æ—¥å¿—è®°å½•
2025-07-26 15:05:39 | WARNING  | src.demos:demo_sls_logging:83 - å®‰å…¨äº‹ä»¶
2025-07-26 15:05:39 | INFO     | src.demos:demo_sls_logging:92 - === PackId åŠŸèƒ½æ¼”ç¤º ===
2025-07-26 15:05:39 | INFO     | src.demos:demo_sls_logging:93 - å¼€å§‹å¤„ç†è®¢å•
2025-07-26 15:05:39 | INFO     | src.demos:demo_sls_logging:99 - éªŒè¯ç”¨æˆ·ä¿¡æ¯
2025-07-26 15:05:39 | INFO     | src.demos:demo_sls_logging:105 - è®¡ç®—è®¢å•é‡‘é¢
2025-07-26 15:05:39 | INFO     | src.demos:demo_sls_logging:112 - å®Œæˆè®¢å•å¤„ç†
2025-07-26 15:05:39 | INFO     | src.demos:demo_sls_logging:119 - Enterprise Demo æµ‹è¯•æ—¥å¿—
2025-07-26 15:05:39 | INFO     | __main__:main:44 - Enterprise Demo è¿è¡Œå®Œæˆ
2025-07-26 15:12:57 | INFO     | src.config:setup_logging:37 - æ—¥å¿—ç³»ç»Ÿåˆå§‹åŒ–å®Œæˆ
2025-07-26 15:12:57 | INFO     | src.config:check_sls_config:47 - SLS é…ç½®æ£€æŸ¥é€šè¿‡
2025-07-26 15:12:57 | INFO     | __main__:main:31 - SLS åŠŸèƒ½å·²å¯ç”¨
2025-07-26 15:12:57 | INFO     | __main__:main:32 - PackId åŠŸèƒ½å·²å¯ç”¨ - ç›¸å…³æ—¥å¿—å°†è‡ªåŠ¨åˆ†ç»„
2025-07-26 15:12:57 | INFO     | src.demos:demo_basic_logging:14 - === åŸºç¡€æ—¥å¿—ç¤ºä¾‹ ===
2025-07-26 15:12:57 | INFO     | src.demos:demo_basic_logging:17 - è¿™æ˜¯æ™®é€šä¿¡æ¯
2025-07-26 15:12:57 | WARNING  | src.demos:demo_basic_logging:18 - è¿™æ˜¯è­¦å‘Šä¿¡æ¯
2025-07-26 15:12:57 | ERROR    | src.demos:demo_basic_logging:19 - è¿™æ˜¯é”™è¯¯ä¿¡æ¯
2025-07-26 15:12:57 | INFO     | src.demos:demo_structured_logging:24 - === ç»“æ„åŒ–æ—¥å¿—ç¤ºä¾‹ ===
2025-07-26 15:12:57 | INFO     | src.demos:demo_structured_logging:27 - ç”¨æˆ·ç™»å½•
2025-07-26 15:12:57 | INFO     | src.demos:demo_structured_logging:37 - API è°ƒç”¨
2025-07-26 15:12:57 | INFO     | src.demos:demo_structured_logging:46 - ä¸šåŠ¡æŒ‡æ ‡
2025-07-26 15:12:57 | INFO     | src.demos:demo_error_logging:57 - === é”™è¯¯æ—¥å¿—ç¤ºä¾‹ ===
2025-07-26 15:12:57 | ERROR    | src.demos:demo_error_logging:63 - è®¡ç®—é”™è¯¯
[33m[1mTraceback (most recent call last):[0m

  File "[32m/Users/harrytang/Documents/GitHub/loguru-suite/examples/enterprise-demo/[0m[32m[1mmain.py[0m", line [33m60[0m, in [35m<module>[0m
    [1mmain[0m[1m([0m[1m)[0m
    [36mâ”” [0m[36m[1m<function main at 0x100692020>[0m

  File "[32m/Users/harrytang/Documents/GitHub/loguru-suite/examples/enterprise-demo/[0m[32m[1mmain.py[0m", line [33m39[0m, in [35mmain[0m
    [1mdemo_error_logging[0m[1m([0m[1m)[0m
    [36mâ”” [0m[36m[1m<function demo_error_logging at 0x105c3aa20>[0m

> File "[32m/Users/harrytang/Documents/GitHub/loguru-suite/examples/enterprise-demo/src/[0m[32m[1mdemos.py[0m", line [33m61[0m, in [35mdemo_error_logging[0m
    [1mresult[0m [35m[1m=[0m [34m[1m10[0m [35m[1m/[0m [34m[1m0[0m

[31m[1mZeroDivisionError[0m:[1m division by zero[0m
2025-07-26 15:12:57 | INFO     | src.demos:demo_sls_logging:72 - === SLS æ—¥å¿—ç¤ºä¾‹ ===
2025-07-26 15:12:57 | INFO     | src.demos:demo_sls_logging:75 - ä¼ä¸šçº§æ—¥å¿—è®°å½•
2025-07-26 15:12:57 | WARNING  | src.demos:demo_sls_logging:83 - å®‰å…¨äº‹ä»¶
2025-07-26 15:12:57 | INFO     | src.demos:demo_sls_logging:92 - === PackId åŠŸèƒ½æ¼”ç¤º ===
2025-07-26 15:12:57 | INFO     | src.demos:demo_sls_logging:93 - å¼€å§‹å¤„ç†è®¢å•
2025-07-26 15:12:57 | INFO     | src.demos:demo_sls_logging:99 - éªŒè¯ç”¨æˆ·ä¿¡æ¯
2025-07-26 15:12:57 | INFO     | src.demos:demo_sls_logging:105 - è®¡ç®—è®¢å•é‡‘é¢
2025-07-26 15:12:57 | INFO     | src.demos:demo_sls_logging:112 - å®Œæˆè®¢å•å¤„ç†
2025-07-26 15:12:57 | INFO     | src.demos:demo_sls_logging:119 - Enterprise Demo æµ‹è¯•æ—¥å¿—
2025-07-26 15:12:57 | INFO     | __main__:main:44 - Enterprise Demo è¿è¡Œå®Œæˆ
2025-07-26 15:24:35 | INFO     | src.config:setup_logging:37 - æ—¥å¿—ç³»ç»Ÿåˆå§‹åŒ–å®Œæˆ
2025-07-26 15:24:35 | INFO     | src.config:check_sls_config:47 - SLS é…ç½®æ£€æŸ¥é€šè¿‡
2025-07-26 15:24:35 | INFO     | __main__:main:31 - SLS åŠŸèƒ½å·²å¯ç”¨
2025-07-26 15:24:35 | INFO     | __main__:main:32 - PackId åŠŸèƒ½å·²å¯ç”¨ - ç›¸å…³æ—¥å¿—å°†è‡ªåŠ¨åˆ†ç»„
2025-07-26 15:24:35 | INFO     | src.demos:demo_basic_logging:14 - === åŸºç¡€æ—¥å¿—ç¤ºä¾‹ ===
2025-07-26 15:24:35 | INFO     | src.demos:demo_basic_logging:17 - è¿™æ˜¯æ™®é€šä¿¡æ¯
2025-07-26 15:24:35 | WARNING  | src.demos:demo_basic_logging:18 - è¿™æ˜¯è­¦å‘Šä¿¡æ¯
2025-07-26 15:24:35 | ERROR    | src.demos:demo_basic_logging:19 - è¿™æ˜¯é”™è¯¯ä¿¡æ¯
2025-07-26 15:24:35 | INFO     | src.demos:demo_structured_logging:24 - === ç»“æ„åŒ–æ—¥å¿—ç¤ºä¾‹ ===
2025-07-26 15:24:35 | INFO     | src.demos:demo_structured_logging:27 - ç”¨æˆ·ç™»å½•
2025-07-26 15:24:35 | INFO     | src.demos:demo_structured_logging:37 - API è°ƒç”¨
2025-07-26 15:24:35 | INFO     | src.demos:demo_structured_logging:46 - ä¸šåŠ¡æŒ‡æ ‡
2025-07-26 15:24:35 | INFO     | src.demos:demo_error_logging:57 - === é”™è¯¯æ—¥å¿—ç¤ºä¾‹ ===
2025-07-26 15:24:35 | ERROR    | src.demos:demo_error_logging:63 - è®¡ç®—é”™è¯¯
[33m[1mTraceback (most recent call last):[0m

  File "[32m/Users/harrytang/Documents/GitHub/loguru-suite/examples/enterprise-demo/[0m[32m[1mmain.py[0m", line [33m60[0m, in [35m<module>[0m
    [1mmain[0m[1m([0m[1m)[0m
    [36mâ”” [0m[36m[1m<function main at 0x1011ee020>[0m

  File "[32m/Users/harrytang/Documents/GitHub/loguru-suite/examples/enterprise-demo/[0m[32m[1mmain.py[0m", line [33m39[0m, in [35mmain[0m
    [1mdemo_error_logging[0m[1m([0m[1m)[0m
    [36mâ”” [0m[36m[1m<function demo_error_logging at 0x10603a980>[0m

> File "[32m/Users/harrytang/Documents/GitHub/loguru-suite/examples/enterprise-demo/src/[0m[32m[1mdemos.py[0m", line [33m61[0m, in [35mdemo_error_logging[0m
    [1mresult[0m [35m[1m=[0m [34m[1m10[0m [35m[1m/[0m [34m[1m0[0m

[31m[1mZeroDivisionError[0m:[1m division by zero[0m
2025-07-26 15:24:35 | INFO     | src.demos:demo_sls_logging:72 - === SLS æ—¥å¿—ç¤ºä¾‹ ===
2025-07-26 15:24:35 | INFO     | src.demos:demo_sls_logging:75 - ä¼ä¸šçº§æ—¥å¿—è®°å½•
2025-07-26 15:24:35 | WARNING  | src.demos:demo_sls_logging:83 - å®‰å…¨äº‹ä»¶
2025-07-26 15:24:35 | INFO     | src.demos:demo_sls_logging:92 - === PackId åŠŸèƒ½æ¼”ç¤º ===
2025-07-26 15:24:35 | INFO     | src.demos:demo_sls_logging:93 - å¼€å§‹å¤„ç†è®¢å•
2025-07-26 15:24:35 | INFO     | src.demos:demo_sls_logging:99 - éªŒè¯ç”¨æˆ·ä¿¡æ¯
2025-07-26 15:24:35 | INFO     | src.demos:demo_sls_logging:105 - è®¡ç®—è®¢å•é‡‘é¢
2025-07-26 15:24:35 | INFO     | src.demos:demo_sls_logging:112 - å®Œæˆè®¢å•å¤„ç†
2025-07-26 15:24:35 | INFO     | src.demos:demo_sls_logging:119 - Enterprise Demo æµ‹è¯•æ—¥å¿—
2025-07-26 15:24:35 | INFO     | __main__:main:44 - Enterprise Demo è¿è¡Œå®Œæˆ
2025-07-26 15:52:33 | INFO     | src.config:setup_logging:35 - æ—¥å¿—ç³»ç»Ÿåˆå§‹åŒ–å®Œæˆ
2025-07-26 15:52:33 | INFO     | src.config:check_sls_config:45 - SLS é…ç½®æ£€æŸ¥é€šè¿‡
2025-07-26 15:52:33 | INFO     | __main__:main:31 - SLS åŠŸèƒ½å·²å¯ç”¨
2025-07-26 15:52:33 | INFO     | __main__:main:32 - PackId åŠŸèƒ½å·²å¯ç”¨ - ç›¸å…³æ—¥å¿—å°†è‡ªåŠ¨åˆ†ç»„
2025-07-26 15:52:33 | INFO     | src.demos:demo_basic_logging:14 - === åŸºç¡€æ—¥å¿—ç¤ºä¾‹ ===
2025-07-26 15:52:33 | INFO     | src.demos:demo_basic_logging:17 - è¿™æ˜¯æ™®é€šä¿¡æ¯
2025-07-26 15:52:33 | WARNING  | src.demos:demo_basic_logging:18 - è¿™æ˜¯è­¦å‘Šä¿¡æ¯
2025-07-26 15:52:33 | ERROR    | src.demos:demo_basic_logging:19 - è¿™æ˜¯é”™è¯¯ä¿¡æ¯
2025-07-26 15:52:33 | INFO     | src.demos:demo_structured_logging:24 - === ç»“æ„åŒ–æ—¥å¿—ç¤ºä¾‹ ===
2025-07-26 15:52:33 | INFO     | src.demos:demo_structured_logging:27 - ç”¨æˆ·ç™»å½•
2025-07-26 15:52:33 | INFO     | src.demos:demo_structured_logging:37 - API è°ƒç”¨
2025-07-26 15:52:33 | INFO     | src.demos:demo_structured_logging:46 - ä¸šåŠ¡æŒ‡æ ‡
2025-07-26 15:52:33 | INFO     | src.demos:demo_error_logging:57 - === é”™è¯¯æ—¥å¿—ç¤ºä¾‹ ===
2025-07-26 15:52:33 | ERROR    | src.demos:demo_error_logging:63 - è®¡ç®—é”™è¯¯
[33m[1mTraceback (most recent call last):[0m

  File "[32m/Users/harrytang/Documents/GitHub/loguru-suite/examples/enterprise-demo/[0m[32m[1mmain.py[0m", line [33m60[0m, in [35m<module>[0m
    [1mmain[0m[1m([0m[1m)[0m
    [36mâ”” [0m[36m[1m<function main at 0x100b22020>[0m

  File "[32m/Users/harrytang/Documents/GitHub/loguru-suite/examples/enterprise-demo/[0m[32m[1mmain.py[0m", line [33m39[0m, in [35mmain[0m
    [1mdemo_error_logging[0m[1m([0m[1m)[0m
    [36mâ”” [0m[36m[1m<function demo_error_logging at 0x1041a6520>[0m

> File "[32m/Users/harrytang/Documents/GitHub/loguru-suite/examples/enterprise-demo/src/[0m[32m[1mdemos.py[0m", line [33m61[0m, in [35mdemo_error_logging[0m
    [1mresult[0m [35m[1m=[0m [34m[1m10[0m [35m[1m/[0m [34m[1m0[0m

[31m[1mZeroDivisionError[0m:[1m division by zero[0m
2025-07-26 15:52:33 | INFO     | src.demos:demo_sls_logging:72 - === SLS æ—¥å¿—ç¤ºä¾‹ ===
2025-07-26 15:52:33 | INFO     | src.demos:demo_sls_logging:75 - ä¼ä¸šçº§æ—¥å¿—è®°å½•
2025-07-26 15:52:33 | WARNING  | src.demos:demo_sls_logging:83 - å®‰å…¨äº‹ä»¶
2025-07-26 15:52:33 | INFO     | src.demos:demo_sls_logging:92 - === PackId åŠŸèƒ½æ¼”ç¤º ===
2025-07-26 15:52:33 | INFO     | src.demos:demo_sls_logging:93 - å¼€å§‹å¤„ç†è®¢å•
2025-07-26 15:52:33 | INFO     | src.demos:demo_sls_logging:99 - éªŒè¯ç”¨æˆ·ä¿¡æ¯
2025-07-26 15:52:33 | INFO     | src.demos:demo_sls_logging:105 - è®¡ç®—è®¢å•é‡‘é¢
2025-07-26 15:52:33 | INFO     | src.demos:demo_sls_logging:112 - å®Œæˆè®¢å•å¤„ç†
2025-07-26 15:52:33 | INFO     | src.demos:demo_sls_logging:119 - Enterprise Demo æµ‹è¯•æ—¥å¿—
2025-07-26 15:52:33 | INFO     | __main__:main:44 - Enterprise Demo è¿è¡Œå®Œæˆ
2025-07-26 15:53:26 | INFO     | src.config:setup_logging:35 - æ—¥å¿—ç³»ç»Ÿåˆå§‹åŒ–å®Œæˆ
2025-07-26 15:53:26 | INFO     | src.config:check_sls_config:45 - SLS é…ç½®æ£€æŸ¥é€šè¿‡
2025-07-26 15:53:26 | INFO     | __main__:main:31 - SLS åŠŸèƒ½å·²å¯ç”¨
2025-07-26 15:53:26 | INFO     | __main__:main:32 - PackId åŠŸèƒ½å·²å¯ç”¨ - ç›¸å…³æ—¥å¿—å°†è‡ªåŠ¨åˆ†ç»„
2025-07-26 15:53:26 | INFO     | src.demos:demo_basic_logging:14 - === åŸºç¡€æ—¥å¿—ç¤ºä¾‹ ===
2025-07-26 15:53:26 | INFO     | src.demos:demo_basic_logging:17 - è¿™æ˜¯æ™®é€šä¿¡æ¯
2025-07-26 15:53:26 | WARNING  | src.demos:demo_basic_logging:18 - è¿™æ˜¯è­¦å‘Šä¿¡æ¯
2025-07-26 15:53:26 | ERROR    | src.demos:demo_basic_logging:19 - è¿™æ˜¯é”™è¯¯ä¿¡æ¯
2025-07-26 15:53:26 | INFO     | src.demos:demo_structured_logging:24 - === ç»“æ„åŒ–æ—¥å¿—ç¤ºä¾‹ ===
2025-07-26 15:53:26 | INFO     | src.demos:demo_structured_logging:27 - ç”¨æˆ·ç™»å½•
2025-07-26 15:53:26 | INFO     | src.demos:demo_structured_logging:37 - API è°ƒç”¨
2025-07-26 15:53:26 | INFO     | src.demos:demo_structured_logging:46 - ä¸šåŠ¡æŒ‡æ ‡
2025-07-26 15:53:26 | INFO     | src.demos:demo_error_logging:57 - === é”™è¯¯æ—¥å¿—ç¤ºä¾‹ ===
2025-07-26 15:53:26 | ERROR    | src.demos:demo_error_logging:63 - è®¡ç®—é”™è¯¯
[33m[1mTraceback (most recent call last):[0m

  File "[32m/Users/harrytang/Documents/GitHub/loguru-suite/examples/enterprise-demo/[0m[32m[1mmain.py[0m", line [33m60[0m, in [35m<module>[0m
    [1mmain[0m[1m([0m[1m)[0m
    [36mâ”” [0m[36m[1m<function main at 0x1045d2020>[0m

  File "[32m/Users/harrytang/Documents/GitHub/loguru-suite/examples/enterprise-demo/[0m[32m[1mmain.py[0m", line [33m39[0m, in [35mmain[0m
    [1mdemo_error_logging[0m[1m([0m[1m)[0m
    [36mâ”” [0m[36m[1m<function demo_error_logging at 0x105a4e520>[0m

> File "[32m/Users/harrytang/Documents/GitHub/loguru-suite/examples/enterprise-demo/src/[0m[32m[1mdemos.py[0m", line [33m61[0m, in [35mdemo_error_logging[0m
    [1mresult[0m [35m[1m=[0m [34m[1m10[0m [35m[1m/[0m [34m[1m0[0m

[31m[1mZeroDivisionError[0m:[1m division by zero[0m
2025-07-26 15:53:26 | INFO     | src.demos:demo_sls_logging:72 - === SLS æ—¥å¿—ç¤ºä¾‹ ===
2025-07-26 15:53:26 | INFO     | src.demos:demo_sls_logging:75 - ä¼ä¸šçº§æ—¥å¿—è®°å½•
2025-07-26 15:53:26 | WARNING  | src.demos:demo_sls_logging:83 - å®‰å…¨äº‹ä»¶
2025-07-26 15:53:26 | INFO     | src.demos:demo_sls_logging:92 - === PackId åŠŸèƒ½æ¼”ç¤º ===
2025-07-26 15:53:26 | INFO     | src.demos:demo_sls_logging:93 - å¼€å§‹å¤„ç†è®¢å•
2025-07-26 15:53:26 | INFO     | src.demos:demo_sls_logging:99 - éªŒè¯ç”¨æˆ·ä¿¡æ¯
2025-07-26 15:53:26 | INFO     | src.demos:demo_sls_logging:105 - è®¡ç®—è®¢å•é‡‘é¢
2025-07-26 15:53:26 | INFO     | src.demos:demo_sls_logging:112 - å®Œæˆè®¢å•å¤„ç†
2025-07-26 15:53:26 | INFO     | src.demos:demo_sls_logging:119 - Enterprise Demo æµ‹è¯•æ—¥å¿—
2025-07-26 15:53:26 | INFO     | __main__:main:44 - Enterprise Demo è¿è¡Œå®Œæˆ
2025-07-26 15:55:43 | INFO     | src.config:setup_logging:35 - æ—¥å¿—ç³»ç»Ÿåˆå§‹åŒ–å®Œæˆ
2025-07-26 15:55:43 | INFO     | src.config:check_sls_config:45 - SLS é…ç½®æ£€æŸ¥é€šè¿‡
2025-07-26 15:55:43 | INFO     | __main__:main:31 - SLS åŠŸèƒ½å·²å¯ç”¨
2025-07-26 15:55:43 | INFO     | __main__:main:32 - PackId åŠŸèƒ½å·²å¯ç”¨ - ç›¸å…³æ—¥å¿—å°†è‡ªåŠ¨åˆ†ç»„
2025-07-26 15:55:43 | INFO     | src.demos:demo_basic_logging:14 - === åŸºç¡€æ—¥å¿—ç¤ºä¾‹ ===
2025-07-26 15:55:43 | INFO     | src.demos:demo_basic_logging:17 - è¿™æ˜¯æ™®é€šä¿¡æ¯
2025-07-26 15:55:43 | WARNING  | src.demos:demo_basic_logging:18 - è¿™æ˜¯è­¦å‘Šä¿¡æ¯
2025-07-26 15:55:43 | ERROR    | src.demos:demo_basic_logging:19 - è¿™æ˜¯é”™è¯¯ä¿¡æ¯
2025-07-26 15:55:43 | INFO     | src.demos:demo_structured_logging:24 - === ç»“æ„åŒ–æ—¥å¿—ç¤ºä¾‹ ===
2025-07-26 15:55:43 | INFO     | src.demos:demo_structured_logging:27 - ç”¨æˆ·ç™»å½•
2025-07-26 15:55:43 | INFO     | src.demos:demo_structured_logging:37 - API è°ƒç”¨
2025-07-26 15:55:43 | INFO     | src.demos:demo_structured_logging:46 - ä¸šåŠ¡æŒ‡æ ‡
2025-07-26 15:55:43 | INFO     | src.demos:demo_error_logging:57 - === é”™è¯¯æ—¥å¿—ç¤ºä¾‹ ===
2025-07-26 15:55:43 | ERROR    | src.demos:demo_error_logging:63 - è®¡ç®—é”™è¯¯
[33m[1mTraceback (most recent call last):[0m

  File "[32m/Users/harrytang/Documents/GitHub/loguru-suite/examples/enterprise-demo/[0m[32m[1mmain.py[0m", line [33m60[0m, in [35m<module>[0m
    [1mmain[0m[1m([0m[1m)[0m
    [36mâ”” [0m[36m[1m<function main at 0x102d1a020>[0m

  File "[32m/Users/harrytang/Documents/GitHub/loguru-suite/examples/enterprise-demo/[0m[32m[1mmain.py[0m", line [33m39[0m, in [35mmain[0m
    [1mdemo_error_logging[0m[1m([0m[1m)[0m
    [36mâ”” [0m[36m[1m<function demo_error_logging at 0x1060a6520>[0m

> File "[32m/Users/harrytang/Documents/GitHub/loguru-suite/examples/enterprise-demo/src/[0m[32m[1mdemos.py[0m", line [33m61[0m, in [35mdemo_error_logging[0m
    [1mresult[0m [35m[1m=[0m [34m[1m10[0m [35m[1m/[0m [34m[1m0[0m

[31m[1mZeroDivisionError[0m:[1m division by zero[0m
2025-07-26 15:55:43 | INFO     | src.demos:demo_sls_logging:72 - === SLS æ—¥å¿—ç¤ºä¾‹ ===
2025-07-26 15:55:43 | INFO     | src.demos:demo_sls_logging:75 - ä¼ä¸šçº§æ—¥å¿—è®°å½•
2025-07-26 15:55:43 | WARNING  | src.demos:demo_sls_logging:83 - å®‰å…¨äº‹ä»¶
2025-07-26 15:55:43 | INFO     | src.demos:demo_sls_logging:92 - === PackId åŠŸèƒ½æ¼”ç¤º ===
2025-07-26 15:55:43 | INFO     | src.demos:demo_sls_logging:93 - å¼€å§‹å¤„ç†è®¢å•
2025-07-26 15:55:43 | INFO     | src.demos:demo_sls_logging:99 - éªŒè¯ç”¨æˆ·ä¿¡æ¯
2025-07-26 15:55:43 | INFO     | src.demos:demo_sls_logging:105 - è®¡ç®—è®¢å•é‡‘é¢
2025-07-26 15:55:43 | INFO     | src.demos:demo_sls_logging:112 - å®Œæˆè®¢å•å¤„ç†
2025-07-26 15:55:43 | INFO     | src.demos:demo_sls_logging:119 - Enterprise Demo æµ‹è¯•æ—¥å¿—
2025-07-26 15:55:43 | INFO     | __main__:main:44 - Enterprise Demo è¿è¡Œå®Œæˆ
2025-07-26 15:57:15 | INFO     | src.config:setup_logging:35 - æ—¥å¿—ç³»ç»Ÿåˆå§‹åŒ–å®Œæˆ
2025-07-26 15:57:15 | INFO     | src.config:check_sls_config:45 - SLS é…ç½®æ£€æŸ¥é€šè¿‡
2025-07-26 15:57:15 | INFO     | __main__:main:31 - SLS åŠŸèƒ½å·²å¯ç”¨
2025-07-26 15:57:15 | INFO     | __main__:main:32 - PackId åŠŸèƒ½å·²å¯ç”¨ - ç›¸å…³æ—¥å¿—å°†è‡ªåŠ¨åˆ†ç»„
2025-07-26 15:57:15 | INFO     | src.demos:demo_basic_logging:14 - === åŸºç¡€æ—¥å¿—ç¤ºä¾‹ ===
2025-07-26 15:57:15 | INFO     | src.demos:demo_basic_logging:17 - è¿™æ˜¯æ™®é€šä¿¡æ¯
2025-07-26 15:57:15 | WARNING  | src.demos:demo_basic_logging:18 - è¿™æ˜¯è­¦å‘Šä¿¡æ¯
2025-07-26 15:57:15 | ERROR    | src.demos:demo_basic_logging:19 - è¿™æ˜¯é”™è¯¯ä¿¡æ¯
2025-07-26 15:57:15 | INFO     | src.demos:demo_structured_logging:24 - === ç»“æ„åŒ–æ—¥å¿—ç¤ºä¾‹ ===
2025-07-26 15:57:15 | INFO     | src.demos:demo_structured_logging:27 - ç”¨æˆ·ç™»å½•
2025-07-26 15:57:15 | INFO     | src.demos:demo_structured_logging:37 - API è°ƒç”¨
2025-07-26 15:57:15 | INFO     | src.demos:demo_structured_logging:46 - ä¸šåŠ¡æŒ‡æ ‡
2025-07-26 15:57:15 | INFO     | src.demos:demo_error_logging:57 - === é”™è¯¯æ—¥å¿—ç¤ºä¾‹ ===
2025-07-26 15:57:15 | ERROR    | src.demos:demo_error_logging:63 - è®¡ç®—é”™è¯¯
[33m[1mTraceback (most recent call last):[0m

  File "[32m/Users/harrytang/Documents/GitHub/loguru-suite/examples/enterprise-demo/[0m[32m[1mmain.py[0m", line [33m60[0m, in [35m<module>[0m
    [1mmain[0m[1m([0m[1m)[0m
    [36mâ”” [0m[36m[1m<function main at 0x102aaa020>[0m

  File "[32m/Users/harrytang/Documents/GitHub/loguru-suite/examples/enterprise-demo/[0m[32m[1mmain.py[0m", line [33m39[0m, in [35mmain[0m
    [1mdemo_error_logging[0m[1m([0m[1m)[0m
    [36mâ”” [0m[36m[1m<function demo_error_logging at 0x103f3a520>[0m

> File "[32m/Users/harrytang/Documents/GitHub/loguru-suite/examples/enterprise-demo/src/[0m[32m[1mdemos.py[0m", line [33m61[0m, in [35mdemo_error_logging[0m
    [1mresult[0m [35m[1m=[0m [34m[1m10[0m [35m[1m/[0m [34m[1m0[0m

[31m[1mZeroDivisionError[0m:[1m division by zero[0m
2025-07-26 15:57:15 | INFO     | src.demos:demo_sls_logging:72 - === SLS æ—¥å¿—ç¤ºä¾‹ ===
2025-07-26 15:57:15 | INFO     | src.demos:demo_sls_logging:75 - ä¼ä¸šçº§æ—¥å¿—è®°å½•
2025-07-26 15:57:15 | WARNING  | src.demos:demo_sls_logging:83 - å®‰å…¨äº‹ä»¶
2025-07-26 15:57:15 | INFO     | src.demos:demo_sls_logging:92 - === PackId åŠŸèƒ½æ¼”ç¤º ===
2025-07-26 15:57:15 | INFO     | src.demos:demo_sls_logging:93 - å¼€å§‹å¤„ç†è®¢å•
2025-07-26 15:57:15 | INFO     | src.demos:demo_sls_logging:99 - éªŒè¯ç”¨æˆ·ä¿¡æ¯
2025-07-26 15:57:15 | INFO     | src.demos:demo_sls_logging:105 - è®¡ç®—è®¢å•é‡‘é¢
2025-07-26 15:57:15 | INFO     | src.demos:demo_sls_logging:112 - å®Œæˆè®¢å•å¤„ç†
2025-07-26 15:57:15 | INFO     | src.demos:demo_sls_logging:119 - Enterprise Demo æµ‹è¯•æ—¥å¿—
2025-07-26 15:57:15 | INFO     | __main__:main:44 - Enterprise Demo è¿è¡Œå®Œæˆ
2025-07-26 16:00:36 | INFO     | src.config:setup_logging:35 - æ—¥å¿—ç³»ç»Ÿåˆå§‹åŒ–å®Œæˆ
2025-07-26 16:00:36 | INFO     | src.config:check_sls_config:45 - SLS é…ç½®æ£€æŸ¥é€šè¿‡
2025-07-26 16:00:36 | INFO     | __main__:main:31 - SLS åŠŸèƒ½å·²å¯ç”¨
2025-07-26 16:00:36 | INFO     | __main__:main:32 - PackId åŠŸèƒ½å·²å¯ç”¨ - ç›¸å…³æ—¥å¿—å°†è‡ªåŠ¨åˆ†ç»„
2025-07-26 16:00:36 | INFO     | src.demos:demo_basic_logging:14 - === åŸºç¡€æ—¥å¿—ç¤ºä¾‹ ===
2025-07-26 16:00:36 | INFO     | src.demos:demo_basic_logging:17 - è¿™æ˜¯æ™®é€šä¿¡æ¯
2025-07-26 16:00:36 | WARNING  | src.demos:demo_basic_logging:18 - è¿™æ˜¯è­¦å‘Šä¿¡æ¯
2025-07-26 16:00:36 | ERROR    | src.demos:demo_basic_logging:19 - è¿™æ˜¯é”™è¯¯ä¿¡æ¯
2025-07-26 16:00:36 | INFO     | src.demos:demo_structured_logging:24 - === ç»“æ„åŒ–æ—¥å¿—ç¤ºä¾‹ ===
2025-07-26 16:00:36 | INFO     | src.demos:demo_structured_logging:27 - ç”¨æˆ·ç™»å½•
2025-07-26 16:00:36 | INFO     | src.demos:demo_structured_logging:37 - API è°ƒç”¨
2025-07-26 16:00:36 | INFO     | src.demos:demo_structured_logging:46 - ä¸šåŠ¡æŒ‡æ ‡
2025-07-26 16:00:36 | INFO     | src.demos:demo_error_logging:57 - === é”™è¯¯æ—¥å¿—ç¤ºä¾‹ ===
2025-07-26 16:00:36 | ERROR    | src.demos:demo_error_logging:63 - è®¡ç®—é”™è¯¯
[33m[1mTraceback (most recent call last):[0m

  File "[32m/Users/harrytang/Documents/GitHub/loguru-suite/examples/enterprise-demo/[0m[32m[1mmain.py[0m", line [33m60[0m, in [35m<module>[0m
    [1mmain[0m[1m([0m[1m)[0m
    [36mâ”” [0m[36m[1m<function main at 0x104e5a020>[0m

  File "[32m/Users/harrytang/Documents/GitHub/loguru-suite/examples/enterprise-demo/[0m[32m[1mmain.py[0m", line [33m39[0m, in [35mmain[0m
    [1mdemo_error_logging[0m[1m([0m[1m)[0m
    [36mâ”” [0m[36m[1m<function demo_error_logging at 0x105d7a520>[0m

> File "[32m/Users/harrytang/Documents/GitHub/loguru-suite/examples/enterprise-demo/src/[0m[32m[1mdemos.py[0m", line [33m61[0m, in [35mdemo_error_logging[0m
    [1mresult[0m [35m[1m=[0m [34m[1m10[0m [35m[1m/[0m [34m[1m0[0m

[31m[1mZeroDivisionError[0m:[1m division by zero[0m
2025-07-26 16:00:36 | INFO     | src.demos:demo_sls_logging:72 - === SLS æ—¥å¿—ç¤ºä¾‹ ===
2025-07-26 16:00:36 | INFO     | src.demos:demo_sls_logging:75 - ä¼ä¸šçº§æ—¥å¿—è®°å½•
2025-07-26 16:00:36 | WARNING  | src.demos:demo_sls_logging:83 - å®‰å…¨äº‹ä»¶
2025-07-26 16:00:36 | INFO     | src.demos:demo_sls_logging:92 - === PackId åŠŸèƒ½æ¼”ç¤º ===
2025-07-26 16:00:36 | INFO     | src.demos:demo_sls_logging:93 - å¼€å§‹å¤„ç†è®¢å•
2025-07-26 16:00:36 | INFO     | src.demos:demo_sls_logging:99 - éªŒè¯ç”¨æˆ·ä¿¡æ¯
2025-07-26 16:00:36 | INFO     | src.demos:demo_sls_logging:105 - è®¡ç®—è®¢å•é‡‘é¢
2025-07-26 16:00:36 | INFO     | src.demos:demo_sls_logging:112 - å®Œæˆè®¢å•å¤„ç†
2025-07-26 16:00:36 | INFO     | src.demos:demo_sls_logging:119 - Enterprise Demo æµ‹è¯•æ—¥å¿—
2025-07-26 16:00:36 | INFO     | __main__:main:44 - Enterprise Demo è¿è¡Œå®Œæˆ
2025-07-26 16:03:28 | INFO     | src.config:setup_logging:35 - æ—¥å¿—ç³»ç»Ÿåˆå§‹åŒ–å®Œæˆ
2025-07-26 16:03:28 | INFO     | src.config:check_sls_config:45 - SLS é…ç½®æ£€æŸ¥é€šè¿‡
2025-07-26 16:03:28 | INFO     | __main__:main:31 - SLS åŠŸèƒ½å·²å¯ç”¨
2025-07-26 16:03:28 | INFO     | __main__:main:32 - PackId åŠŸèƒ½å·²å¯ç”¨ - ç›¸å…³æ—¥å¿—å°†è‡ªåŠ¨åˆ†ç»„
2025-07-26 16:03:28 | INFO     | src.demos:demo_basic_logging:14 - === åŸºç¡€æ—¥å¿—ç¤ºä¾‹ ===
2025-07-26 16:03:28 | INFO     | src.demos:demo_basic_logging:17 - è¿™æ˜¯æ™®é€šä¿¡æ¯
2025-07-26 16:03:28 | WARNING  | src.demos:demo_basic_logging:18 - è¿™æ˜¯è­¦å‘Šä¿¡æ¯
2025-07-26 16:03:28 | ERROR    | src.demos:demo_basic_logging:19 - è¿™æ˜¯é”™è¯¯ä¿¡æ¯
2025-07-26 16:03:28 | INFO     | src.demos:demo_structured_logging:24 - === ç»“æ„åŒ–æ—¥å¿—ç¤ºä¾‹ ===
2025-07-26 16:03:28 | INFO     | src.demos:demo_structured_logging:27 - ç”¨æˆ·ç™»å½•
2025-07-26 16:03:28 | INFO     | src.demos:demo_structured_logging:37 - API è°ƒç”¨
2025-07-26 16:03:28 | INFO     | src.demos:demo_structured_logging:46 - ä¸šåŠ¡æŒ‡æ ‡
2025-07-26 16:03:28 | INFO     | src.demos:demo_error_logging:57 - === é”™è¯¯æ—¥å¿—ç¤ºä¾‹ ===
2025-07-26 16:03:28 | ERROR    | src.demos:demo_error_logging:63 - è®¡ç®—é”™è¯¯
[33m[1mTraceback (most recent call last):[0m

  File "[32m/Users/harrytang/Documents/GitHub/loguru-suite/examples/enterprise-demo/[0m[32m[1mmain.py[0m", line [33m61[0m, in [35m<module>[0m
    [1mmain[0m[1m([0m[1m)[0m
    [36mâ”” [0m[36m[1m<function main at 0x100736020>[0m

  File "[32m/Users/harrytang/Documents/GitHub/loguru-suite/examples/enterprise-demo/[0m[32m[1mmain.py[0m", line [33m39[0m, in [35mmain[0m
    [1mdemo_error_logging[0m[1m([0m[1m)[0m
    [36mâ”” [0m[36m[1m<function demo_error_logging at 0x104ba6520>[0m

> File "[32m/Users/harrytang/Documents/GitHub/loguru-suite/examples/enterprise-demo/src/[0m[32m[1mdemos.py[0m", line [33m61[0m, in [35mdemo_error_logging[0m
    [1mresult[0m [35m[1m=[0m [34m[1m10[0m [35m[1m/[0m [34m[1m0[0m

[31m[1mZeroDivisionError[0m:[1m division by zero[0m
2025-07-26 16:03:28 | INFO     | src.demos:demo_sls_logging:77 - === SLS æ—¥å¿—ç¤ºä¾‹ ===
2025-07-26 16:03:28 | INFO     | src.demos:demo_sls_logging:80 - ä¼ä¸šçº§æ—¥å¿—è®°å½•
2025-07-26 16:03:28 | WARNING  | src.demos:demo_sls_logging:89 - å®‰å…¨äº‹ä»¶
2025-07-26 16:03:28 | INFO     | src.demos:demo_sls_logging:99 - === PackId åŠŸèƒ½æ¼”ç¤º ===
2025-07-26 16:03:28 | INFO     | src.demos:demo_sls_logging:100 - å¼€å§‹å¤„ç†è®¢å•
2025-07-26 16:03:28 | INFO     | src.demos:demo_sls_logging:107 - éªŒè¯ç”¨æˆ·ä¿¡æ¯
2025-07-26 16:03:28 | INFO     | src.demos:demo_sls_logging:114 - è®¡ç®—è®¢å•é‡‘é¢
2025-07-26 16:03:28 | INFO     | src.demos:demo_sls_logging:122 - å®Œæˆè®¢å•å¤„ç†
2025-07-26 16:03:28 | INFO     | src.demos:demo_sls_logging:130 - Enterprise Demo æµ‹è¯•æ—¥å¿—
2025-07-26 16:03:28 | INFO     | __main__:main:45 - Enterprise Demo è¿è¡Œå®Œæˆ
2025-07-26 16:04:04 | INFO     | src.config:setup_logging:35 - æ—¥å¿—ç³»ç»Ÿåˆå§‹åŒ–å®Œæˆ
2025-07-26 16:04:04 | INFO     | src.config:check_sls_config:45 - SLS é…ç½®æ£€æŸ¥é€šè¿‡
2025-07-26 16:04:04 | INFO     | __main__:main:31 - SLS åŠŸèƒ½å·²å¯ç”¨
2025-07-26 16:04:04 | INFO     | __main__:main:32 - PackId åŠŸèƒ½å·²å¯ç”¨ - ç›¸å…³æ—¥å¿—å°†è‡ªåŠ¨åˆ†ç»„
2025-07-26 16:04:04 | INFO     | src.demos:demo_basic_logging:14 - === åŸºç¡€æ—¥å¿—ç¤ºä¾‹ ===
2025-07-26 16:04:04 | INFO     | src.demos:demo_basic_logging:17 - è¿™æ˜¯æ™®é€šä¿¡æ¯
2025-07-26 16:04:04 | WARNING  | src.demos:demo_basic_logging:18 - è¿™æ˜¯è­¦å‘Šä¿¡æ¯
2025-07-26 16:04:04 | ERROR    | src.demos:demo_basic_logging:19 - è¿™æ˜¯é”™è¯¯ä¿¡æ¯
2025-07-26 16:04:04 | INFO     | src.demos:demo_structured_logging:24 - === ç»“æ„åŒ–æ—¥å¿—ç¤ºä¾‹ ===
2025-07-26 16:04:04 | INFO     | src.demos:demo_structured_logging:27 - ç”¨æˆ·ç™»å½•
2025-07-26 16:04:04 | INFO     | src.demos:demo_structured_logging:37 - API è°ƒç”¨
2025-07-26 16:04:04 | INFO     | src.demos:demo_structured_logging:46 - ä¸šåŠ¡æŒ‡æ ‡
2025-07-26 16:04:04 | INFO     | src.demos:demo_error_logging:57 - === é”™è¯¯æ—¥å¿—ç¤ºä¾‹ ===
2025-07-26 16:04:04 | ERROR    | src.demos:demo_error_logging:63 - è®¡ç®—é”™è¯¯
[33m[1mTraceback (most recent call last):[0m

  File "[32m/Users/harrytang/Documents/GitHub/loguru-suite/examples/enterprise-demo/[0m[32m[1mmain.py[0m", line [33m61[0m, in [35m<module>[0m
    [1mmain[0m[1m([0m[1m)[0m
    [36mâ”” [0m[36m[1m<function main at 0x100eee020>[0m

  File "[32m/Users/harrytang/Documents/GitHub/loguru-suite/examples/enterprise-demo/[0m[32m[1mmain.py[0m", line [33m39[0m, in [35mmain[0m
    [1mdemo_error_logging[0m[1m([0m[1m)[0m
    [36mâ”” [0m[36m[1m<function demo_error_logging at 0x102ea6520>[0m

> File "[32m/Users/harrytang/Documents/GitHub/loguru-suite/examples/enterprise-demo/src/[0m[32m[1mdemos.py[0m", line [33m61[0m, in [35mdemo_error_logging[0m
    [1mresult[0m [35m[1m=[0m [34m[1m10[0m [35m[1m/[0m [34m[1m0[0m

[31m[1mZeroDivisionError[0m:[1m division by zero[0m
2025-07-26 16:04:04 | INFO     | src.demos:demo_sls_logging:77 - === SLS æ—¥å¿—ç¤ºä¾‹ ===
2025-07-26 16:04:04 | INFO     | src.demos:demo_sls_logging:80 - ä¼ä¸šçº§æ—¥å¿—è®°å½•
2025-07-26 16:04:04 | WARNING  | src.demos:demo_sls_logging:89 - å®‰å…¨äº‹ä»¶
2025-07-26 16:04:04 | INFO     | src.demos:demo_sls_logging:99 - === PackId åŠŸèƒ½æ¼”ç¤º ===
2025-07-26 16:04:04 | INFO     | src.demos:demo_sls_logging:100 - å¼€å§‹å¤„ç†è®¢å•
2025-07-26 16:04:04 | INFO     | src.demos:demo_sls_logging:107 - éªŒè¯ç”¨æˆ·ä¿¡æ¯
2025-07-26 16:04:04 | INFO     | src.demos:demo_sls_logging:114 - è®¡ç®—è®¢å•é‡‘é¢
2025-07-26 16:04:04 | INFO     | src.demos:demo_sls_logging:122 - å®Œæˆè®¢å•å¤„ç†
2025-07-26 16:04:04 | INFO     | src.demos:demo_sls_logging:130 - Enterprise Demo æµ‹è¯•æ—¥å¿—
2025-07-26 16:04:04 | INFO     | __main__:main:45 - Enterprise Demo è¿è¡Œå®Œæˆ
2025-07-26 16:05:22 | INFO     | src.config:setup_logging:35 - æ—¥å¿—ç³»ç»Ÿåˆå§‹åŒ–å®Œæˆ
2025-07-26 16:05:22 | INFO     | src.config:check_sls_config:45 - SLS é…ç½®æ£€æŸ¥é€šè¿‡
2025-07-26 16:05:22 | INFO     | __main__:main:31 - SLS åŠŸèƒ½å·²å¯ç”¨
2025-07-26 16:05:22 | INFO     | __main__:main:32 - PackId åŠŸèƒ½å·²å¯ç”¨ - ç›¸å…³æ—¥å¿—å°†è‡ªåŠ¨åˆ†ç»„
2025-07-26 16:05:22 | INFO     | src.demos:demo_basic_logging:14 - === åŸºç¡€æ—¥å¿—ç¤ºä¾‹ ===
2025-07-26 16:05:22 | INFO     | src.demos:demo_basic_logging:17 - è¿™æ˜¯æ™®é€šä¿¡æ¯
2025-07-26 16:05:22 | WARNING  | src.demos:demo_basic_logging:18 - è¿™æ˜¯è­¦å‘Šä¿¡æ¯
2025-07-26 16:05:22 | ERROR    | src.demos:demo_basic_logging:19 - è¿™æ˜¯é”™è¯¯ä¿¡æ¯
2025-07-26 16:05:22 | INFO     | src.demos:demo_structured_logging:24 - === ç»“æ„åŒ–æ—¥å¿—ç¤ºä¾‹ ===
2025-07-26 16:05:22 | INFO     | src.demos:demo_structured_logging:27 - ç”¨æˆ·ç™»å½•
2025-07-26 16:05:22 | INFO     | src.demos:demo_structured_logging:37 - API è°ƒç”¨
2025-07-26 16:05:22 | INFO     | src.demos:demo_structured_logging:46 - ä¸šåŠ¡æŒ‡æ ‡
2025-07-26 16:05:22 | INFO     | src.demos:demo_error_logging:57 - === é”™è¯¯æ—¥å¿—ç¤ºä¾‹ ===
2025-07-26 16:05:22 | ERROR    | src.demos:demo_error_logging:63 - è®¡ç®—é”™è¯¯
[33m[1mTraceback (most recent call last):[0m

  File "[32m/Users/harrytang/Documents/GitHub/loguru-suite/examples/enterprise-demo/[0m[32m[1mmain.py[0m", line [33m61[0m, in [35m<module>[0m
    [1mmain[0m[1m([0m[1m)[0m
    [36mâ”” [0m[36m[1m<function main at 0x10076e020>[0m

  File "[32m/Users/harrytang/Documents/GitHub/loguru-suite/examples/enterprise-demo/[0m[32m[1mmain.py[0m", line [33m39[0m, in [35mmain[0m
    [1mdemo_error_logging[0m[1m([0m[1m)[0m
    [36mâ”” [0m[36m[1m<function demo_error_logging at 0x1015f2520>[0m

> File "[32m/Users/harrytang/Documents/GitHub/loguru-suite/examples/enterprise-demo/src/[0m[32m[1mdemos.py[0m", line [33m61[0m, in [35mdemo_error_logging[0m
    [1mresult[0m [35m[1m=[0m [34m[1m10[0m [35m[1m/[0m [34m[1m0[0m

[31m[1mZeroDivisionError[0m:[1m division by zero[0m
2025-07-26 16:05:22 | INFO     | src.demos:demo_sls_logging:77 - === SLS æ—¥å¿—ç¤ºä¾‹ ===
2025-07-26 16:05:22 | INFO     | src.demos:demo_sls_logging:80 - ä¼ä¸šçº§æ—¥å¿—è®°å½•
2025-07-26 16:05:22 | WARNING  | src.demos:demo_sls_logging:89 - å®‰å…¨äº‹ä»¶
2025-07-26 16:05:22 | INFO     | src.demos:demo_sls_logging:99 - === PackId åŠŸèƒ½æ¼”ç¤º ===
2025-07-26 16:05:22 | INFO     | src.demos:demo_sls_logging:100 - å¼€å§‹å¤„ç†è®¢å•
2025-07-26 16:05:22 | INFO     | src.demos:demo_sls_logging:107 - éªŒè¯ç”¨æˆ·ä¿¡æ¯
2025-07-26 16:05:22 | INFO     | src.demos:demo_sls_logging:114 - è®¡ç®—è®¢å•é‡‘é¢
2025-07-26 16:05:22 | INFO     | src.demos:demo_sls_logging:122 - å®Œæˆè®¢å•å¤„ç†
2025-07-26 16:05:22 | INFO     | src.demos:demo_sls_logging:130 - Enterprise Demo æµ‹è¯•æ—¥å¿—
2025-07-26 16:05:22 | INFO     | __main__:main:45 - Enterprise Demo è¿è¡Œå®Œæˆ
2025-07-26 16:05:57 | INFO     | src.config:setup_logging:35 - æ—¥å¿—ç³»ç»Ÿåˆå§‹åŒ–å®Œæˆ
2025-07-26 16:05:57 | INFO     | src.config:check_sls_config:45 - SLS é…ç½®æ£€æŸ¥é€šè¿‡
2025-07-26 16:05:57 | INFO     | __main__:main:31 - SLS åŠŸèƒ½å·²å¯ç”¨
2025-07-26 16:05:57 | INFO     | __main__:main:32 - PackId åŠŸèƒ½å·²å¯ç”¨ - ç›¸å…³æ—¥å¿—å°†è‡ªåŠ¨åˆ†ç»„
2025-07-26 16:05:57 | INFO     | src.demos:demo_basic_logging:14 - === åŸºç¡€æ—¥å¿—ç¤ºä¾‹ ===
2025-07-26 16:05:57 | INFO     | src.demos:demo_basic_logging:17 - è¿™æ˜¯æ™®é€šä¿¡æ¯
2025-07-26 16:05:57 | WARNING  | src.demos:demo_basic_logging:18 - è¿™æ˜¯è­¦å‘Šä¿¡æ¯
2025-07-26 16:05:57 | ERROR    | src.demos:demo_basic_logging:19 - è¿™æ˜¯é”™è¯¯ä¿¡æ¯
2025-07-26 16:05:57 | INFO     | src.demos:demo_structured_logging:24 - === ç»“æ„åŒ–æ—¥å¿—ç¤ºä¾‹ ===
2025-07-26 16:05:57 | INFO     | src.demos:demo_structured_logging:27 - ç”¨æˆ·ç™»å½•
2025-07-26 16:05:57 | INFO     | src.demos:demo_structured_logging:37 - API è°ƒç”¨
2025-07-26 16:05:57 | INFO     | src.demos:demo_structured_logging:46 - ä¸šåŠ¡æŒ‡æ ‡
2025-07-26 16:05:57 | INFO     | src.demos:demo_error_logging:57 - === é”™è¯¯æ—¥å¿—ç¤ºä¾‹ ===
2025-07-26 16:05:57 | ERROR    | src.demos:demo_error_logging:63 - è®¡ç®—é”™è¯¯
[33m[1mTraceback (most recent call last):[0m

  File "[32m/Users/harrytang/Documents/GitHub/loguru-suite/examples/enterprise-demo/[0m[32m[1mmain.py[0m", line [33m61[0m, in [35m<module>[0m
    [1mmain[0m[1m([0m[1m)[0m
    [36mâ”” [0m[36m[1m<function main at 0x100f8e020>[0m

  File "[32m/Users/harrytang/Documents/GitHub/loguru-suite/examples/enterprise-demo/[0m[32m[1mmain.py[0m", line [33m39[0m, in [35mmain[0m
    [1mdemo_error_logging[0m[1m([0m[1m)[0m
    [36mâ”” [0m[36m[1m<function demo_error_logging at 0x101eb6520>[0m

> File "[32m/Users/harrytang/Documents/GitHub/loguru-suite/examples/enterprise-demo/src/[0m[32m[1mdemos.py[0m", line [33m61[0m, in [35mdemo_error_logging[0m
    [1mresult[0m [35m[1m=[0m [34m[1m10[0m [35m[1m/[0m [34m[1m0[0m

[31m[1mZeroDivisionError[0m:[1m division by zero[0m
2025-07-26 16:05:57 | INFO     | src.demos:demo_sls_logging:77 - === SLS æ—¥å¿—ç¤ºä¾‹ ===
2025-07-26 16:05:57 | INFO     | src.demos:demo_sls_logging:80 - ä¼ä¸šçº§æ—¥å¿—è®°å½•
2025-07-26 16:05:57 | WARNING  | src.demos:demo_sls_logging:89 - å®‰å…¨äº‹ä»¶
2025-07-26 16:05:57 | INFO     | src.demos:demo_sls_logging:99 - === PackId åŠŸèƒ½æ¼”ç¤º ===
2025-07-26 16:05:57 | INFO     | src.demos:demo_sls_logging:100 - å¼€å§‹å¤„ç†è®¢å•
2025-07-26 16:05:57 | INFO     | src.demos:demo_sls_logging:107 - éªŒè¯ç”¨æˆ·ä¿¡æ¯
2025-07-26 16:05:57 | INFO     | src.demos:demo_sls_logging:114 - è®¡ç®—è®¢å•é‡‘é¢
2025-07-26 16:05:57 | INFO     | src.demos:demo_sls_logging:122 - å®Œæˆè®¢å•å¤„ç†
2025-07-26 16:05:57 | INFO     | src.demos:demo_sls_logging:130 - Enterprise Demo æµ‹è¯•æ—¥å¿—
2025-07-26 16:05:57 | INFO     | __main__:main:45 - Enterprise Demo è¿è¡Œå®Œæˆ
